2023-11-01 02:31:23 startup archives unpack
2023-11-01 02:31:23 install libssl3:amd64 <none> 3.0.11-1~deb12u2
2023-11-01 02:31:23 status triggers-pending libc-bin:amd64 2.36-9+deb12u3
2023-11-01 02:31:23 status half-installed libssl3:amd64 3.0.11-1~deb12u2
2023-11-01 02:31:23 status unpacked libssl3:amd64 3.0.11-1~deb12u2
2023-11-01 02:31:23 install openssl:amd64 <none> 3.0.11-1~deb12u2
2023-11-01 02:31:23 status half-installed openssl:amd64 3.0.11-1~deb12u2
2023-11-01 02:31:23 status unpacked openssl:amd64 3.0.11-1~deb12u2
2023-11-01 02:31:23 install ca-certificates:all <none> 20230311
2023-11-01 02:31:23 status half-installed ca-certificates:all 20230311
2023-11-01 02:31:23 status unpacked ca-certificates:all 20230311
2023-11-01 02:31:23 install libapr1:amd64 <none> 1.7.2-3
2023-11-01 02:31:23 status half-installed libapr1:amd64 1.7.2-3
2023-11-01 02:31:23 status unpacked libapr1:amd64 1.7.2-3
2023-11-01 02:31:23 install libexpat1:amd64 <none> 2.5.0-1
2023-11-01 02:31:23 status half-installed libexpat1:amd64 2.5.0-1
2023-11-01 02:31:23 status unpacked libexpat1:amd64 2.5.0-1
2023-11-01 02:31:23 install libgdbm6:amd64 <none> 1.23-3
2023-11-01 02:31:23 status half-installed libgdbm6:amd64 1.23-3
2023-11-01 02:31:23 status unpacked libgdbm6:amd64 1.23-3
2023-11-01 02:31:23 install libaprutil1:amd64 <none> 1.6.3-1
2023-11-01 02:31:23 status half-installed libaprutil1:amd64 1.6.3-1
2023-11-01 02:31:23 status unpacked libaprutil1:amd64 1.6.3-1
2023-11-01 02:31:23 install libsasl2-modules-db:amd64 <none> 2.1.28+dfsg-10
2023-11-01 02:31:23 status half-installed libsasl2-modules-db:amd64 2.1.28+dfsg-10
2023-11-01 02:31:23 status unpacked libsasl2-modules-db:amd64 2.1.28+dfsg-10
2023-11-01 02:31:23 install libsasl2-2:amd64 <none> 2.1.28+dfsg-10
2023-11-01 02:31:23 status half-installed libsasl2-2:amd64 2.1.28+dfsg-10
2023-11-01 02:31:23 status unpacked libsasl2-2:amd64 2.1.28+dfsg-10
2023-11-01 02:31:23 install libldap-2.5-0:amd64 <none> 2.5.13+dfsg-5
2023-11-01 02:31:23 status half-installed libldap-2.5-0:amd64 2.5.13+dfsg-5
2023-11-01 02:31:23 status unpacked libldap-2.5-0:amd64 2.5.13+dfsg-5
2023-11-01 02:31:23 install libaprutil1-ldap:amd64 <none> 1.6.3-1
2023-11-01 02:31:23 status half-installed libaprutil1-ldap:amd64 1.6.3-1
2023-11-01 02:31:23 status unpacked libaprutil1-ldap:amd64 1.6.3-1
2023-11-01 02:31:23 install libldap-common:all <none> 2.5.13+dfsg-5
2023-11-01 02:31:23 status half-installed libldap-common:all 2.5.13+dfsg-5
2023-11-01 02:31:23 status unpacked libldap-common:all 2.5.13+dfsg-5
2023-11-01 02:31:23 startup packages configure
2023-11-01 02:31:23 configure libexpat1:amd64 2.5.0-1 <none>
2023-11-01 02:31:23 status unpacked libexpat1:amd64 2.5.0-1
2023-11-01 02:31:23 status half-configured libexpat1:amd64 2.5.0-1
2023-11-01 02:31:24 status installed libexpat1:amd64 2.5.0-1
2023-11-01 02:31:24 configure libssl3:amd64 3.0.11-1~deb12u2 <none>
2023-11-01 02:31:24 status unpacked libssl3:amd64 3.0.11-1~deb12u2
2023-11-01 02:31:24 status half-configured libssl3:amd64 3.0.11-1~deb12u2
2023-11-01 02:31:24 status installed libssl3:amd64 3.0.11-1~deb12u2
2023-11-01 02:31:24 configure libapr1:amd64 1.7.2-3 <none>
2023-11-01 02:31:24 status unpacked libapr1:amd64 1.7.2-3
2023-11-01 02:31:24 status half-configured libapr1:amd64 1.7.2-3
2023-11-01 02:31:24 status installed libapr1:amd64 1.7.2-3
2023-11-01 02:31:24 configure libldap-common:all 2.5.13+dfsg-5 <none>
2023-11-01 02:31:24 status unpacked libldap-common:all 2.5.13+dfsg-5
2023-11-01 02:31:24 status half-configured libldap-common:all 2.5.13+dfsg-5
2023-11-01 02:31:24 status installed libldap-common:all 2.5.13+dfsg-5
2023-11-01 02:31:24 configure libsasl2-modules-db:amd64 2.1.28+dfsg-10 <none>
2023-11-01 02:31:24 status unpacked libsasl2-modules-db:amd64 2.1.28+dfsg-10
2023-11-01 02:31:24 status half-configured libsasl2-modules-db:amd64 2.1.28+dfsg-10
2023-11-01 02:31:24 status installed libsasl2-modules-db:amd64 2.1.28+dfsg-10
2023-11-01 02:31:24 configure libsasl2-2:amd64 2.1.28+dfsg-10 <none>
2023-11-01 02:31:24 status unpacked libsasl2-2:amd64 2.1.28+dfsg-10
2023-11-01 02:31:24 status half-configured libsasl2-2:amd64 2.1.28+dfsg-10
2023-11-01 02:31:24 status installed libsasl2-2:amd64 2.1.28+dfsg-10
2023-11-01 02:31:24 configure openssl:amd64 3.0.11-1~deb12u2 <none>
2023-11-01 02:31:24 status unpacked openssl:amd64 3.0.11-1~deb12u2
2023-11-01 02:31:24 status half-configured openssl:amd64 3.0.11-1~deb12u2
2023-11-01 02:31:24 status installed openssl:amd64 3.0.11-1~deb12u2
2023-11-01 02:31:24 configure libgdbm6:amd64 1.23-3 <none>
2023-11-01 02:31:24 status unpacked libgdbm6:amd64 1.23-3
2023-11-01 02:31:24 status half-configured libgdbm6:amd64 1.23-3
2023-11-01 02:31:24 status installed libgdbm6:amd64 1.23-3
2023-11-01 02:31:24 configure libaprutil1:amd64 1.6.3-1 <none>
2023-11-01 02:31:24 status unpacked libaprutil1:amd64 1.6.3-1
2023-11-01 02:31:24 status half-configured libaprutil1:amd64 1.6.3-1
2023-11-01 02:31:24 status installed libaprutil1:amd64 1.6.3-1
2023-11-01 02:31:24 configure libldap-2.5-0:amd64 2.5.13+dfsg-5 <none>
2023-11-01 02:31:24 status unpacked libldap-2.5-0:amd64 2.5.13+dfsg-5
2023-11-01 02:31:24 status half-configured libldap-2.5-0:amd64 2.5.13+dfsg-5
2023-11-01 02:31:24 status installed libldap-2.5-0:amd64 2.5.13+dfsg-5
2023-11-01 02:31:24 configure ca-certificates:all 20230311 <none>
2023-11-01 02:31:24 status unpacked ca-certificates:all 20230311
2023-11-01 02:31:24 status half-configured ca-certificates:all 20230311
2023-11-01 02:31:24 status installed ca-certificates:all 20230311
2023-11-01 02:31:24 status triggers-pending ca-certificates:all 20230311
2023-11-01 02:31:24 configure libaprutil1-ldap:amd64 1.6.3-1 <none>
2023-11-01 02:31:24 status unpacked libaprutil1-ldap:amd64 1.6.3-1
2023-11-01 02:31:24 status half-configured libaprutil1-ldap:amd64 1.6.3-1
2023-11-01 02:31:24 status installed libaprutil1-ldap:amd64 1.6.3-1
2023-11-01 02:31:24 trigproc libc-bin:amd64 2.36-9+deb12u3 <none>
2023-11-01 02:31:24 status half-configured libc-bin:amd64 2.36-9+deb12u3
2023-11-01 02:31:25 status installed libc-bin:amd64 2.36-9+deb12u3
2023-11-01 02:31:25 trigproc ca-certificates:all 20230311 <none>
2023-11-01 02:31:25 status half-configured ca-certificates:all 20230311
2023-11-01 02:31:25 status installed ca-certificates:all 20230311
2023-11-01 02:31:37 startup archives unpack
2023-11-01 02:31:37 install perl-modules-5.36:all <none> 5.36.0-7
2023-11-01 02:31:37 status half-installed perl-modules-5.36:all 5.36.0-7
2023-11-01 02:31:37 status unpacked perl-modules-5.36:all 5.36.0-7
2023-11-01 02:31:37 install libgdbm-compat4:amd64 <none> 1.23-3
2023-11-01 02:31:37 status triggers-pending libc-bin:amd64 2.36-9+deb12u3
2023-11-01 02:31:37 status half-installed libgdbm-compat4:amd64 1.23-3
2023-11-01 02:31:37 status unpacked libgdbm-compat4:amd64 1.23-3
2023-11-01 02:31:37 install libperl5.36:amd64 <none> 5.36.0-7
2023-11-01 02:31:37 status half-installed libperl5.36:amd64 5.36.0-7
2023-11-01 02:31:38 status unpacked libperl5.36:amd64 5.36.0-7
2023-11-01 02:31:38 install perl:amd64 <none> 5.36.0-7
2023-11-01 02:31:38 status half-installed perl:amd64 5.36.0-7
2023-11-01 02:31:38 status unpacked perl:amd64 5.36.0-7
2023-11-01 02:31:38 install libpython3.11-minimal:amd64 <none> 3.11.2-6
2023-11-01 02:31:38 status half-installed libpython3.11-minimal:amd64 3.11.2-6
2023-11-01 02:31:38 status unpacked libpython3.11-minimal:amd64 3.11.2-6
2023-11-01 02:31:38 install python3.11-minimal:amd64 <none> 3.11.2-6
2023-11-01 02:31:38 status half-installed python3.11-minimal:amd64 3.11.2-6
2023-11-01 02:31:38 status unpacked python3.11-minimal:amd64 3.11.2-6
2023-11-01 02:31:38 startup packages configure
2023-11-01 02:31:38 configure libpython3.11-minimal:amd64 3.11.2-6 <none>
2023-11-01 02:31:38 status unpacked libpython3.11-minimal:amd64 3.11.2-6
2023-11-01 02:31:38 status half-configured libpython3.11-minimal:amd64 3.11.2-6
2023-11-01 02:31:38 status installed libpython3.11-minimal:amd64 3.11.2-6
2023-11-01 02:31:38 configure python3.11-minimal:amd64 3.11.2-6 <none>
2023-11-01 02:31:38 status unpacked python3.11-minimal:amd64 3.11.2-6
2023-11-01 02:31:38 status half-configured python3.11-minimal:amd64 3.11.2-6
2023-11-01 02:31:39 status installed python3.11-minimal:amd64 3.11.2-6
2023-11-01 02:31:39 startup archives unpack
2023-11-01 02:31:39 install python3-minimal:amd64 <none> 3.11.2-1+b1
2023-11-01 02:31:39 status half-installed python3-minimal:amd64 3.11.2-1+b1
2023-11-01 02:31:39 status unpacked python3-minimal:amd64 3.11.2-1+b1
2023-11-01 02:31:39 install media-types:all <none> 10.0.0
2023-11-01 02:31:39 status half-installed media-types:all 10.0.0
2023-11-01 02:31:39 status unpacked media-types:all 10.0.0
2023-11-01 02:31:39 install libncursesw6:amd64 <none> 6.4-4
2023-11-01 02:31:39 status half-installed libncursesw6:amd64 6.4-4
2023-11-01 02:31:39 status unpacked libncursesw6:amd64 6.4-4
2023-11-01 02:31:39 install libkrb5support0:amd64 <none> 1.20.1-2+deb12u1
2023-11-01 02:31:39 status half-installed libkrb5support0:amd64 1.20.1-2+deb12u1
2023-11-01 02:31:39 status unpacked libkrb5support0:amd64 1.20.1-2+deb12u1
2023-11-01 02:31:39 install libk5crypto3:amd64 <none> 1.20.1-2+deb12u1
2023-11-01 02:31:39 status half-installed libk5crypto3:amd64 1.20.1-2+deb12u1
2023-11-01 02:31:39 status unpacked libk5crypto3:amd64 1.20.1-2+deb12u1
2023-11-01 02:31:39 install libkeyutils1:amd64 <none> 1.6.3-2
2023-11-01 02:31:39 status half-installed libkeyutils1:amd64 1.6.3-2
2023-11-01 02:31:39 status unpacked libkeyutils1:amd64 1.6.3-2
2023-11-01 02:31:39 install libkrb5-3:amd64 <none> 1.20.1-2+deb12u1
2023-11-01 02:31:39 status half-installed libkrb5-3:amd64 1.20.1-2+deb12u1
2023-11-01 02:31:39 status unpacked libkrb5-3:amd64 1.20.1-2+deb12u1
2023-11-01 02:31:39 install libgssapi-krb5-2:amd64 <none> 1.20.1-2+deb12u1
2023-11-01 02:31:39 status half-installed libgssapi-krb5-2:amd64 1.20.1-2+deb12u1
2023-11-01 02:31:39 status unpacked libgssapi-krb5-2:amd64 1.20.1-2+deb12u1
2023-11-01 02:31:39 install libtirpc-common:all <none> 1.3.3+ds-1
2023-11-01 02:31:39 status half-installed libtirpc-common:all 1.3.3+ds-1
2023-11-01 02:31:39 status unpacked libtirpc-common:all 1.3.3+ds-1
2023-11-01 02:31:39 install libtirpc3:amd64 <none> 1.3.3+ds-1
2023-11-01 02:31:39 status half-installed libtirpc3:amd64 1.3.3+ds-1
2023-11-01 02:31:39 status unpacked libtirpc3:amd64 1.3.3+ds-1
2023-11-01 02:31:39 install libnsl2:amd64 <none> 1.3.0-2
2023-11-01 02:31:39 status half-installed libnsl2:amd64 1.3.0-2
2023-11-01 02:31:39 status unpacked libnsl2:amd64 1.3.0-2
2023-11-01 02:31:39 install readline-common:all <none> 8.2-1.3
2023-11-01 02:31:39 status half-installed readline-common:all 8.2-1.3
2023-11-01 02:31:39 status unpacked readline-common:all 8.2-1.3
2023-11-01 02:31:39 install libreadline8:amd64 <none> 8.2-1.3
2023-11-01 02:31:39 status half-installed libreadline8:amd64 8.2-1.3
2023-11-01 02:31:39 status unpacked libreadline8:amd64 8.2-1.3
2023-11-01 02:31:39 install libsqlite3-0:amd64 <none> 3.40.1-2
2023-11-01 02:31:39 status half-installed libsqlite3-0:amd64 3.40.1-2
2023-11-01 02:31:39 status unpacked libsqlite3-0:amd64 3.40.1-2
2023-11-01 02:31:39 install libpython3.11-stdlib:amd64 <none> 3.11.2-6
2023-11-01 02:31:39 status half-installed libpython3.11-stdlib:amd64 3.11.2-6
2023-11-01 02:31:40 status unpacked libpython3.11-stdlib:amd64 3.11.2-6
2023-11-01 02:31:40 install python3.11:amd64 <none> 3.11.2-6
2023-11-01 02:31:40 status half-installed python3.11:amd64 3.11.2-6
2023-11-01 02:31:40 status unpacked python3.11:amd64 3.11.2-6
2023-11-01 02:31:40 install libpython3-stdlib:amd64 <none> 3.11.2-1+b1
2023-11-01 02:31:40 status half-installed libpython3-stdlib:amd64 3.11.2-1+b1
2023-11-01 02:31:40 status unpacked libpython3-stdlib:amd64 3.11.2-1+b1
2023-11-01 02:31:40 startup packages configure
2023-11-01 02:31:40 configure python3-minimal:amd64 3.11.2-1+b1 <none>
2023-11-01 02:31:40 status unpacked python3-minimal:amd64 3.11.2-1+b1
2023-11-01 02:31:40 status half-configured python3-minimal:amd64 3.11.2-1+b1
2023-11-01 02:31:40 status installed python3-minimal:amd64 3.11.2-1+b1
2023-11-01 02:31:40 startup archives unpack
2023-11-01 02:31:40 install python3:amd64 <none> 3.11.2-1+b1
2023-11-01 02:31:40 status half-installed python3:amd64 3.11.2-1+b1
2023-11-01 02:31:40 status unpacked python3:amd64 3.11.2-1+b1
2023-11-01 02:31:40 install bzip2:amd64 <none> 1.0.8-5+b1
2023-11-01 02:31:40 status half-installed bzip2:amd64 1.0.8-5+b1
2023-11-01 02:31:40 status unpacked bzip2:amd64 1.0.8-5+b1
2023-11-01 02:31:40 install libpsl5:amd64 <none> 0.21.2-1
2023-11-01 02:31:40 status half-installed libpsl5:amd64 0.21.2-1
2023-11-01 02:31:40 status unpacked libpsl5:amd64 0.21.2-1
2023-11-01 02:31:40 install wget:amd64 <none> 1.21.3-1+b2
2023-11-01 02:31:40 status half-installed wget:amd64 1.21.3-1+b2
2023-11-01 02:31:40 status unpacked wget:amd64 1.21.3-1+b2
2023-11-01 02:31:40 install xz-utils:amd64 <none> 5.4.1-0.2
2023-11-01 02:31:40 status half-installed xz-utils:amd64 5.4.1-0.2
2023-11-01 02:31:40 status unpacked xz-utils:amd64 5.4.1-0.2
2023-11-01 02:31:40 install binutils-common:amd64 <none> 2.40-2
2023-11-01 02:31:40 status half-installed binutils-common:amd64 2.40-2
2023-11-01 02:31:40 status unpacked binutils-common:amd64 2.40-2
2023-11-01 02:31:40 install libbinutils:amd64 <none> 2.40-2
2023-11-01 02:31:40 status half-installed libbinutils:amd64 2.40-2
2023-11-01 02:31:40 status unpacked libbinutils:amd64 2.40-2
2023-11-01 02:31:41 install libctf-nobfd0:amd64 <none> 2.40-2
2023-11-01 02:31:41 status half-installed libctf-nobfd0:amd64 2.40-2
2023-11-01 02:31:41 status unpacked libctf-nobfd0:amd64 2.40-2
2023-11-01 02:31:41 install libctf0:amd64 <none> 2.40-2
2023-11-01 02:31:41 status half-installed libctf0:amd64 2.40-2
2023-11-01 02:31:41 status unpacked libctf0:amd64 2.40-2
2023-11-01 02:31:41 install libgprofng0:amd64 <none> 2.40-2
2023-11-01 02:31:41 status half-installed libgprofng0:amd64 2.40-2
2023-11-01 02:31:41 status unpacked libgprofng0:amd64 2.40-2
2023-11-01 02:31:41 install libjansson4:amd64 <none> 2.14-2
2023-11-01 02:31:41 status half-installed libjansson4:amd64 2.14-2
2023-11-01 02:31:41 status unpacked libjansson4:amd64 2.14-2
2023-11-01 02:31:41 install binutils-x86-64-linux-gnu:amd64 <none> 2.40-2
2023-11-01 02:31:41 status half-installed binutils-x86-64-linux-gnu:amd64 2.40-2
2023-11-01 02:31:41 status unpacked binutils-x86-64-linux-gnu:amd64 2.40-2
2023-11-01 02:31:41 install binutils:amd64 <none> 2.40-2
2023-11-01 02:31:41 status half-installed binutils:amd64 2.40-2
2023-11-01 02:31:41 status unpacked binutils:amd64 2.40-2
2023-11-01 02:31:41 install libisl23:amd64 <none> 0.25-1
2023-11-01 02:31:41 status half-installed libisl23:amd64 0.25-1
2023-11-01 02:31:41 status unpacked libisl23:amd64 0.25-1
2023-11-01 02:31:41 install libmpfr6:amd64 <none> 4.2.0-1
2023-11-01 02:31:41 status half-installed libmpfr6:amd64 4.2.0-1
2023-11-01 02:31:41 status unpacked libmpfr6:amd64 4.2.0-1
2023-11-01 02:31:41 install libmpc3:amd64 <none> 1.3.1-1
2023-11-01 02:31:41 status half-installed libmpc3:amd64 1.3.1-1
2023-11-01 02:31:41 status unpacked libmpc3:amd64 1.3.1-1
2023-11-01 02:31:41 install cpp-12:amd64 <none> 12.2.0-14
2023-11-01 02:31:41 status half-installed cpp-12:amd64 12.2.0-14
2023-11-01 02:31:42 status unpacked cpp-12:amd64 12.2.0-14
2023-11-01 02:31:42 install cpp:amd64 <none> 4:12.2.0-3
2023-11-01 02:31:42 status half-installed cpp:amd64 4:12.2.0-3
2023-11-01 02:31:42 status unpacked cpp:amd64 4:12.2.0-3
2023-11-01 02:31:42 install libassuan0:amd64 <none> 2.5.5-5
2023-11-01 02:31:42 status half-installed libassuan0:amd64 2.5.5-5
2023-11-01 02:31:42 status unpacked libassuan0:amd64 2.5.5-5
2023-11-01 02:31:42 install gpgconf:amd64 <none> 2.2.40-1.1
2023-11-01 02:31:42 status half-installed gpgconf:amd64 2.2.40-1.1
2023-11-01 02:31:42 status unpacked gpgconf:amd64 2.2.40-1.1
2023-11-01 02:31:42 install libksba8:amd64 <none> 1.6.3-2
2023-11-01 02:31:42 status half-installed libksba8:amd64 1.6.3-2
2023-11-01 02:31:42 status unpacked libksba8:amd64 1.6.3-2
2023-11-01 02:31:42 install libnpth0:amd64 <none> 1.6-3
2023-11-01 02:31:42 status half-installed libnpth0:amd64 1.6-3
2023-11-01 02:31:42 status unpacked libnpth0:amd64 1.6-3
2023-11-01 02:31:42 install dirmngr:amd64 <none> 2.2.40-1.1
2023-11-01 02:31:42 status half-installed dirmngr:amd64 2.2.40-1.1
2023-11-01 02:31:42 status unpacked dirmngr:amd64 2.2.40-1.1
2023-11-01 02:31:42 install libdpkg-perl:all <none> 1.21.22
2023-11-01 02:31:42 status half-installed libdpkg-perl:all 1.21.22
2023-11-01 02:31:42 status unpacked libdpkg-perl:all 1.21.22
2023-11-01 02:31:42 install patch:amd64 <none> 2.7.6-7
2023-11-01 02:31:42 status half-installed patch:amd64 2.7.6-7
2023-11-01 02:31:42 status unpacked patch:amd64 2.7.6-7
2023-11-01 02:31:42 install make:amd64 <none> 4.3-4.1
2023-11-01 02:31:42 status half-installed make:amd64 4.3-4.1
2023-11-01 02:31:42 status unpacked make:amd64 4.3-4.1
2023-11-01 02:31:42 install dpkg-dev:all <none> 1.21.22
2023-11-01 02:31:42 status half-installed dpkg-dev:all 1.21.22
2023-11-01 02:31:42 status unpacked dpkg-dev:all 1.21.22
2023-11-01 02:31:42 install libcc1-0:amd64 <none> 12.2.0-14
2023-11-01 02:31:42 status half-installed libcc1-0:amd64 12.2.0-14
2023-11-01 02:31:42 status unpacked libcc1-0:amd64 12.2.0-14
2023-11-01 02:31:42 install libgomp1:amd64 <none> 12.2.0-14
2023-11-01 02:31:43 status half-installed libgomp1:amd64 12.2.0-14
2023-11-01 02:31:43 status unpacked libgomp1:amd64 12.2.0-14
2023-11-01 02:31:43 install libitm1:amd64 <none> 12.2.0-14
2023-11-01 02:31:43 status half-installed libitm1:amd64 12.2.0-14
2023-11-01 02:31:43 status unpacked libitm1:amd64 12.2.0-14
2023-11-01 02:31:43 install libatomic1:amd64 <none> 12.2.0-14
2023-11-01 02:31:43 status half-installed libatomic1:amd64 12.2.0-14
2023-11-01 02:31:43 status unpacked libatomic1:amd64 12.2.0-14
2023-11-01 02:31:43 install libasan8:amd64 <none> 12.2.0-14
2023-11-01 02:31:43 status half-installed libasan8:amd64 12.2.0-14
2023-11-01 02:31:43 status unpacked libasan8:amd64 12.2.0-14
2023-11-01 02:31:43 install liblsan0:amd64 <none> 12.2.0-14
2023-11-01 02:31:43 status half-installed liblsan0:amd64 12.2.0-14
2023-11-01 02:31:43 status unpacked liblsan0:amd64 12.2.0-14
2023-11-01 02:31:43 install libtsan2:amd64 <none> 12.2.0-14
2023-11-01 02:31:43 status half-installed libtsan2:amd64 12.2.0-14
2023-11-01 02:31:43 status unpacked libtsan2:amd64 12.2.0-14
2023-11-01 02:31:43 install libubsan1:amd64 <none> 12.2.0-14
2023-11-01 02:31:43 status half-installed libubsan1:amd64 12.2.0-14
2023-11-01 02:31:43 status unpacked libubsan1:amd64 12.2.0-14
2023-11-01 02:31:43 install libquadmath0:amd64 <none> 12.2.0-14
2023-11-01 02:31:43 status half-installed libquadmath0:amd64 12.2.0-14
2023-11-01 02:31:43 status unpacked libquadmath0:amd64 12.2.0-14
2023-11-01 02:31:43 install libgcc-12-dev:amd64 <none> 12.2.0-14
2023-11-01 02:31:43 status half-installed libgcc-12-dev:amd64 12.2.0-14
2023-11-01 02:31:44 status unpacked libgcc-12-dev:amd64 12.2.0-14
2023-11-01 02:31:44 install gcc-12:amd64 <none> 12.2.0-14
2023-11-01 02:31:44 status half-installed gcc-12:amd64 12.2.0-14
2023-11-01 02:31:44 status unpacked gcc-12:amd64 12.2.0-14
2023-11-01 02:31:44 install gcc:amd64 <none> 4:12.2.0-3
2023-11-01 02:31:44 status half-installed gcc:amd64 4:12.2.0-3
2023-11-01 02:31:44 status unpacked gcc:amd64 4:12.2.0-3
2023-11-01 02:31:44 install gnupg-l10n:all <none> 2.2.40-1.1
2023-11-01 02:31:44 status half-installed gnupg-l10n:all 2.2.40-1.1
2023-11-01 02:31:44 status unpacked gnupg-l10n:all 2.2.40-1.1
2023-11-01 02:31:44 install gnupg-utils:amd64 <none> 2.2.40-1.1
2023-11-01 02:31:44 status half-installed gnupg-utils:amd64 2.2.40-1.1
2023-11-01 02:31:45 status unpacked gnupg-utils:amd64 2.2.40-1.1
2023-11-01 02:31:45 install gpg:amd64 <none> 2.2.40-1.1
2023-11-01 02:31:45 status half-installed gpg:amd64 2.2.40-1.1
2023-11-01 02:31:45 status unpacked gpg:amd64 2.2.40-1.1
2023-11-01 02:31:45 install pinentry-curses:amd64 <none> 1.2.1-1
2023-11-01 02:31:45 status half-installed pinentry-curses:amd64 1.2.1-1
2023-11-01 02:31:45 status unpacked pinentry-curses:amd64 1.2.1-1
2023-11-01 02:31:45 install gpg-agent:amd64 <none> 2.2.40-1.1
2023-11-01 02:31:45 status half-installed gpg-agent:amd64 2.2.40-1.1
2023-11-01 02:31:45 status unpacked gpg-agent:amd64 2.2.40-1.1
2023-11-01 02:31:45 install gpg-wks-client:amd64 <none> 2.2.40-1.1
2023-11-01 02:31:45 status half-installed gpg-wks-client:amd64 2.2.40-1.1
2023-11-01 02:31:45 status unpacked gpg-wks-client:amd64 2.2.40-1.1
2023-11-01 02:31:45 install gpg-wks-server:amd64 <none> 2.2.40-1.1
2023-11-01 02:31:45 status half-installed gpg-wks-server:amd64 2.2.40-1.1
2023-11-01 02:31:45 status unpacked gpg-wks-server:amd64 2.2.40-1.1
2023-11-01 02:31:45 install gpgsm:amd64 <none> 2.2.40-1.1
2023-11-01 02:31:45 status half-installed gpgsm:amd64 2.2.40-1.1
2023-11-01 02:31:45 status unpacked gpgsm:amd64 2.2.40-1.1
2023-11-01 02:31:45 install gnupg:all <none> 2.2.40-1.1
2023-11-01 02:31:45 status half-installed gnupg:all 2.2.40-1.1
2023-11-01 02:31:45 status unpacked gnupg:all 2.2.40-1.1
2023-11-01 02:31:45 install libicu72:amd64 <none> 72.1-3
2023-11-01 02:31:45 status half-installed libicu72:amd64 72.1-3
2023-11-01 02:31:46 status unpacked libicu72:amd64 72.1-3
2023-11-01 02:31:46 install icu-devtools:amd64 <none> 72.1-3
2023-11-01 02:31:46 status half-installed icu-devtools:amd64 72.1-3
2023-11-01 02:31:46 status unpacked icu-devtools:amd64 72.1-3
2023-11-01 02:31:46 install libc-dev-bin:amd64 <none> 2.36-9+deb12u3
2023-11-01 02:31:46 status half-installed libc-dev-bin:amd64 2.36-9+deb12u3
2023-11-01 02:31:46 status unpacked libc-dev-bin:amd64 2.36-9+deb12u3
2023-11-01 02:31:46 install linux-libc-dev:amd64 <none> 6.1.55-1
2023-11-01 02:31:46 status half-installed linux-libc-dev:amd64 6.1.55-1
2023-11-01 02:31:46 status unpacked linux-libc-dev:amd64 6.1.55-1
2023-11-01 02:31:46 install libcrypt-dev:amd64 <none> 1:4.4.33-2
2023-11-01 02:31:46 status half-installed libcrypt-dev:amd64 1:4.4.33-2
2023-11-01 02:31:46 status unpacked libcrypt-dev:amd64 1:4.4.33-2
2023-11-01 02:31:46 install libtirpc-dev:amd64 <none> 1.3.3+ds-1
2023-11-01 02:31:46 status half-installed libtirpc-dev:amd64 1.3.3+ds-1
2023-11-01 02:31:46 status unpacked libtirpc-dev:amd64 1.3.3+ds-1
2023-11-01 02:31:46 install libnsl-dev:amd64 <none> 1.3.0-2
2023-11-01 02:31:46 status half-installed libnsl-dev:amd64 1.3.0-2
2023-11-01 02:31:46 status unpacked libnsl-dev:amd64 1.3.0-2
2023-11-01 02:31:46 install rpcsvc-proto:amd64 <none> 1.4.3-1
2023-11-01 02:31:46 status half-installed rpcsvc-proto:amd64 1.4.3-1
2023-11-01 02:31:46 status unpacked rpcsvc-proto:amd64 1.4.3-1
2023-11-01 02:31:46 install libc6-dev:amd64 <none> 2.36-9+deb12u3
2023-11-01 02:31:46 status half-installed libc6-dev:amd64 2.36-9+deb12u3
2023-11-01 02:31:46 status unpacked libc6-dev:amd64 2.36-9+deb12u3
2023-11-01 02:31:46 install uuid-dev:amd64 <none> 2.38.1-5+b1
2023-11-01 02:31:46 status half-installed uuid-dev:amd64 2.38.1-5+b1
2023-11-01 02:31:46 status unpacked uuid-dev:amd64 2.38.1-5+b1
2023-11-01 02:31:46 install libsctp1:amd64 <none> 1.0.19+dfsg-2
2023-11-01 02:31:46 status half-installed libsctp1:amd64 1.0.19+dfsg-2
2023-11-01 02:31:46 status unpacked libsctp1:amd64 1.0.19+dfsg-2
2023-11-01 02:31:46 install libsctp-dev:amd64 <none> 1.0.19+dfsg-2
2023-11-01 02:31:46 status half-installed libsctp-dev:amd64 1.0.19+dfsg-2
2023-11-01 02:31:46 status unpacked libsctp-dev:amd64 1.0.19+dfsg-2
2023-11-01 02:31:46 install libapr1-dev:amd64 <none> 1.7.2-3
2023-11-01 02:31:46 status half-installed libapr1-dev:amd64 1.7.2-3
2023-11-01 02:31:46 status unpacked libapr1-dev:amd64 1.7.2-3
2023-11-01 02:31:46 install libldap-dev:amd64 <none> 2.5.13+dfsg-5
2023-11-01 02:31:46 status half-installed libldap-dev:amd64 2.5.13+dfsg-5
2023-11-01 02:31:46 status unpacked libldap-dev:amd64 2.5.13+dfsg-5
2023-11-01 02:31:46 install libldap2-dev:all <none> 2.5.13+dfsg-5
2023-11-01 02:31:46 status half-installed libldap2-dev:all 2.5.13+dfsg-5
2023-11-01 02:31:46 status unpacked libldap2-dev:all 2.5.13+dfsg-5
2023-11-01 02:31:46 install libexpat1-dev:amd64 <none> 2.5.0-1
2023-11-01 02:31:46 status half-installed libexpat1-dev:amd64 2.5.0-1
2023-11-01 02:31:46 status unpacked libexpat1-dev:amd64 2.5.0-1
2023-11-01 02:31:46 install libaprutil1-dev:amd64 <none> 1.6.3-1
2023-11-01 02:31:46 status half-installed libaprutil1-dev:amd64 1.6.3-1
2023-11-01 02:31:47 status unpacked libaprutil1-dev:amd64 1.6.3-1
2023-11-01 02:31:47 install libbrotli1:amd64 <none> 1.0.9-2+b6
2023-11-01 02:31:47 status half-installed libbrotli1:amd64 1.0.9-2+b6
2023-11-01 02:31:47 status unpacked libbrotli1:amd64 1.0.9-2+b6
2023-11-01 02:31:47 install libbrotli-dev:amd64 <none> 1.0.9-2+b6
2023-11-01 02:31:47 status half-installed libbrotli-dev:amd64 1.0.9-2+b6
2023-11-01 02:31:47 status unpacked libbrotli-dev:amd64 1.0.9-2+b6
2023-11-01 02:31:47 install libnghttp2-14:amd64 <none> 1.52.0-1
2023-11-01 02:31:47 status half-installed libnghttp2-14:amd64 1.52.0-1
2023-11-01 02:31:47 status unpacked libnghttp2-14:amd64 1.52.0-1
2023-11-01 02:31:47 install librtmp1:amd64 <none> 2.4+20151223.gitfa8646d.1-2+b2
2023-11-01 02:31:47 status half-installed librtmp1:amd64 2.4+20151223.gitfa8646d.1-2+b2
2023-11-01 02:31:47 status unpacked librtmp1:amd64 2.4+20151223.gitfa8646d.1-2+b2
2023-11-01 02:31:47 install libssh2-1:amd64 <none> 1.10.0-3+b1
2023-11-01 02:31:47 status half-installed libssh2-1:amd64 1.10.0-3+b1
2023-11-01 02:31:47 status unpacked libssh2-1:amd64 1.10.0-3+b1
2023-11-01 02:31:47 install libcurl4:amd64 <none> 7.88.1-10+deb12u4
2023-11-01 02:31:47 status half-installed libcurl4:amd64 7.88.1-10+deb12u4
2023-11-01 02:31:47 status unpacked libcurl4:amd64 7.88.1-10+deb12u4
2023-11-01 02:31:47 install libcurl4-openssl-dev:amd64 <none> 7.88.1-10+deb12u4
2023-11-01 02:31:47 status half-installed libcurl4-openssl-dev:amd64 7.88.1-10+deb12u4
2023-11-01 02:31:47 status unpacked libcurl4-openssl-dev:amd64 7.88.1-10+deb12u4
2023-11-01 02:31:47 install libicu-dev:amd64 <none> 72.1-3
2023-11-01 02:31:47 status half-installed libicu-dev:amd64 72.1-3
2023-11-01 02:31:47 status unpacked libicu-dev:amd64 72.1-3
2023-11-01 02:31:48 install libjansson-dev:amd64 <none> 2.14-2
2023-11-01 02:31:48 status half-installed libjansson-dev:amd64 2.14-2
2023-11-01 02:31:48 status unpacked libjansson-dev:amd64 2.14-2
2023-11-01 02:31:48 install liblua5.2-0:amd64 <none> 5.2.4-3
2023-11-01 02:31:48 status half-installed liblua5.2-0:amd64 5.2.4-3
2023-11-01 02:31:48 status unpacked liblua5.2-0:amd64 5.2.4-3
2023-11-01 02:31:48 install libncurses6:amd64 <none> 6.4-4
2023-11-01 02:31:48 status half-installed libncurses6:amd64 6.4-4
2023-11-01 02:31:48 status unpacked libncurses6:amd64 6.4-4
2023-11-01 02:31:48 install libncurses-dev:amd64 <none> 6.4-4
2023-11-01 02:31:48 status half-installed libncurses-dev:amd64 6.4-4
2023-11-01 02:31:48 status unpacked libncurses-dev:amd64 6.4-4
2023-11-01 02:31:48 install libreadline-dev:amd64 <none> 8.2-1.3
2023-11-01 02:31:48 status half-installed libreadline-dev:amd64 8.2-1.3
2023-11-01 02:31:48 status unpacked libreadline-dev:amd64 8.2-1.3
2023-11-01 02:31:48 install liblua5.2-dev:amd64 <none> 5.2.4-3
2023-11-01 02:31:48 status half-installed liblua5.2-dev:amd64 5.2.4-3
2023-11-01 02:31:48 status unpacked liblua5.2-dev:amd64 5.2.4-3
2023-11-01 02:31:48 install libpkgconf3:amd64 <none> 1.8.1-1
2023-11-01 02:31:48 status half-installed libpkgconf3:amd64 1.8.1-1
2023-11-01 02:31:48 status unpacked libpkgconf3:amd64 1.8.1-1
2023-11-01 02:31:48 install pkgconf-bin:amd64 <none> 1.8.1-1
2023-11-01 02:31:48 status half-installed pkgconf-bin:amd64 1.8.1-1
2023-11-01 02:31:48 status unpacked pkgconf-bin:amd64 1.8.1-1
2023-11-01 02:31:48 install pkgconf:amd64 <none> 1.8.1-1
2023-11-01 02:31:48 status half-installed pkgconf:amd64 1.8.1-1
2023-11-01 02:31:48 status unpacked pkgconf:amd64 1.8.1-1
2023-11-01 02:31:48 install pkg-config:amd64 <none> 1.8.1-1
2023-11-01 02:31:48 status half-installed pkg-config:amd64 1.8.1-1
2023-11-01 02:31:48 status unpacked pkg-config:amd64 1.8.1-1
2023-11-01 02:31:48 install libnghttp2-dev:amd64 <none> 1.52.0-1
2023-11-01 02:31:48 status half-installed libnghttp2-dev:amd64 1.52.0-1
2023-11-01 02:31:48 status unpacked libnghttp2-dev:amd64 1.52.0-1
2023-11-01 02:31:48 install libpcre16-3:amd64 <none> 2:8.39-15
2023-11-01 02:31:48 status half-installed libpcre16-3:amd64 2:8.39-15
2023-11-01 02:31:48 status unpacked libpcre16-3:amd64 2:8.39-15
2023-11-01 02:31:48 install libpcre3:amd64 <none> 2:8.39-15
2023-11-01 02:31:48 status half-installed libpcre3:amd64 2:8.39-15
2023-11-01 02:31:48 status unpacked libpcre3:amd64 2:8.39-15
2023-11-01 02:31:48 install libpcre32-3:amd64 <none> 2:8.39-15
2023-11-01 02:31:48 status half-installed libpcre32-3:amd64 2:8.39-15
2023-11-01 02:31:48 status unpacked libpcre32-3:amd64 2:8.39-15
2023-11-01 02:31:48 install libpcrecpp0v5:amd64 <none> 2:8.39-15
2023-11-01 02:31:48 status half-installed libpcrecpp0v5:amd64 2:8.39-15
2023-11-01 02:31:48 status unpacked libpcrecpp0v5:amd64 2:8.39-15
2023-11-01 02:31:48 install libpcre3-dev:amd64 <none> 2:8.39-15
2023-11-01 02:31:48 status half-installed libpcre3-dev:amd64 2:8.39-15
2023-11-01 02:31:48 status unpacked libpcre3-dev:amd64 2:8.39-15
2023-11-01 02:31:48 install libssl-dev:amd64 <none> 3.0.11-1~deb12u2
2023-11-01 02:31:48 status half-installed libssl-dev:amd64 3.0.11-1~deb12u2
2023-11-01 02:31:48 status unpacked libssl-dev:amd64 3.0.11-1~deb12u2
2023-11-01 02:31:48 install libxml2:amd64 <none> 2.9.14+dfsg-1.3~deb12u1
2023-11-01 02:31:48 status half-installed libxml2:amd64 2.9.14+dfsg-1.3~deb12u1
2023-11-01 02:31:49 status unpacked libxml2:amd64 2.9.14+dfsg-1.3~deb12u1
2023-11-01 02:31:49 install libxml2-dev:amd64 <none> 2.9.14+dfsg-1.3~deb12u1
2023-11-01 02:31:49 status half-installed libxml2-dev:amd64 2.9.14+dfsg-1.3~deb12u1
2023-11-01 02:31:49 status unpacked libxml2-dev:amd64 2.9.14+dfsg-1.3~deb12u1
2023-11-01 02:31:49 install zlib1g-dev:amd64 <none> 1:1.2.13.dfsg-1
2023-11-01 02:31:49 status half-installed zlib1g-dev:amd64 1:1.2.13.dfsg-1
2023-11-01 02:31:49 status unpacked zlib1g-dev:amd64 1:1.2.13.dfsg-1
2023-11-01 02:31:49 startup packages configure
2023-11-01 02:31:49 configure libksba8:amd64 1.6.3-2 <none>
2023-11-01 02:31:49 status unpacked libksba8:amd64 1.6.3-2
2023-11-01 02:31:49 status half-configured libksba8:amd64 1.6.3-2
2023-11-01 02:31:49 status installed libksba8:amd64 1.6.3-2
2023-11-01 02:31:49 configure media-types:all 10.0.0 <none>
2023-11-01 02:31:49 status unpacked media-types:all 10.0.0
2023-11-01 02:31:49 status half-configured media-types:all 10.0.0
2023-11-01 02:31:49 status installed media-types:all 10.0.0
2023-11-01 02:31:49 configure libkeyutils1:amd64 1.6.3-2 <none>
2023-11-01 02:31:49 status unpacked libkeyutils1:amd64 1.6.3-2
2023-11-01 02:31:49 status half-configured libkeyutils1:amd64 1.6.3-2
2023-11-01 02:31:49 status installed libkeyutils1:amd64 1.6.3-2
2023-11-01 02:31:49 configure libpsl5:amd64 0.21.2-1 <none>
2023-11-01 02:31:49 status unpacked libpsl5:amd64 0.21.2-1
2023-11-01 02:31:49 status half-configured libpsl5:amd64 0.21.2-1
2023-11-01 02:31:49 status installed libpsl5:amd64 0.21.2-1
2023-11-01 02:31:49 configure libicu72:amd64 72.1-3 <none>
2023-11-01 02:31:49 status unpacked libicu72:amd64 72.1-3
2023-11-01 02:31:49 status half-configured libicu72:amd64 72.1-3
2023-11-01 02:31:49 status installed libicu72:amd64 72.1-3
2023-11-01 02:31:49 configure wget:amd64 1.21.3-1+b2 <none>
2023-11-01 02:31:49 status unpacked wget:amd64 1.21.3-1+b2
2023-11-01 02:31:49 status half-configured wget:amd64 1.21.3-1+b2
2023-11-01 02:31:49 status installed wget:amd64 1.21.3-1+b2
2023-11-01 02:31:49 configure libpcre16-3:amd64 2:8.39-15 <none>
2023-11-01 02:31:49 status unpacked libpcre16-3:amd64 2:8.39-15
2023-11-01 02:31:49 status half-configured libpcre16-3:amd64 2:8.39-15
2023-11-01 02:31:49 status installed libpcre16-3:amd64 2:8.39-15
2023-11-01 02:31:49 configure libtirpc-common:all 1.3.3+ds-1 <none>
2023-11-01 02:31:49 status unpacked libtirpc-common:all 1.3.3+ds-1
2023-11-01 02:31:49 status half-configured libtirpc-common:all 1.3.3+ds-1
2023-11-01 02:31:49 status installed libtirpc-common:all 1.3.3+ds-1
2023-11-01 02:31:49 configure libbrotli1:amd64 1.0.9-2+b6 <none>
2023-11-01 02:31:49 status unpacked libbrotli1:amd64 1.0.9-2+b6
2023-11-01 02:31:49 status half-configured libbrotli1:amd64 1.0.9-2+b6
2023-11-01 02:31:49 status installed libbrotli1:amd64 1.0.9-2+b6
2023-11-01 02:31:49 configure libsqlite3-0:amd64 3.40.1-2 <none>
2023-11-01 02:31:49 status unpacked libsqlite3-0:amd64 3.40.1-2
2023-11-01 02:31:49 status half-configured libsqlite3-0:amd64 3.40.1-2
2023-11-01 02:31:49 status installed libsqlite3-0:amd64 3.40.1-2
2023-11-01 02:31:49 configure binutils-common:amd64 2.40-2 <none>
2023-11-01 02:31:49 status unpacked binutils-common:amd64 2.40-2
2023-11-01 02:31:49 status half-configured binutils-common:amd64 2.40-2
2023-11-01 02:31:49 status installed binutils-common:amd64 2.40-2
2023-11-01 02:31:49 configure libnghttp2-14:amd64 1.52.0-1 <none>
2023-11-01 02:31:49 status unpacked libnghttp2-14:amd64 1.52.0-1
2023-11-01 02:31:49 status half-configured libnghttp2-14:amd64 1.52.0-1
2023-11-01 02:31:49 status installed libnghttp2-14:amd64 1.52.0-1
2023-11-01 02:31:49 configure linux-libc-dev:amd64 6.1.55-1 <none>
2023-11-01 02:31:49 status unpacked linux-libc-dev:amd64 6.1.55-1
2023-11-01 02:31:49 status half-configured linux-libc-dev:amd64 6.1.55-1
2023-11-01 02:31:49 status installed linux-libc-dev:amd64 6.1.55-1
2023-11-01 02:31:49 configure libctf-nobfd0:amd64 2.40-2 <none>
2023-11-01 02:31:49 status unpacked libctf-nobfd0:amd64 2.40-2
2023-11-01 02:31:49 status half-configured libctf-nobfd0:amd64 2.40-2
2023-11-01 02:31:49 status installed libctf-nobfd0:amd64 2.40-2
2023-11-01 02:31:49 configure libnpth0:amd64 1.6-3 <none>
2023-11-01 02:31:49 status unpacked libnpth0:amd64 1.6-3
2023-11-01 02:31:49 status half-configured libnpth0:amd64 1.6-3
2023-11-01 02:31:49 status installed libnpth0:amd64 1.6-3
2023-11-01 02:31:49 configure libassuan0:amd64 2.5.5-5 <none>
2023-11-01 02:31:49 status unpacked libassuan0:amd64 2.5.5-5
2023-11-01 02:31:49 status half-configured libassuan0:amd64 2.5.5-5
2023-11-01 02:31:49 status installed libassuan0:amd64 2.5.5-5
2023-11-01 02:31:49 configure libgomp1:amd64 12.2.0-14 <none>
2023-11-01 02:31:49 status unpacked libgomp1:amd64 12.2.0-14
2023-11-01 02:31:49 status half-configured libgomp1:amd64 12.2.0-14
2023-11-01 02:31:49 status installed libgomp1:amd64 12.2.0-14
2023-11-01 02:31:49 configure bzip2:amd64 1.0.8-5+b1 <none>
2023-11-01 02:31:49 status unpacked bzip2:amd64 1.0.8-5+b1
2023-11-01 02:31:49 status half-configured bzip2:amd64 1.0.8-5+b1
2023-11-01 02:31:49 status installed bzip2:amd64 1.0.8-5+b1
2023-11-01 02:31:49 configure libjansson4:amd64 2.14-2 <none>
2023-11-01 02:31:49 status unpacked libjansson4:amd64 2.14-2
2023-11-01 02:31:49 status half-configured libjansson4:amd64 2.14-2
2023-11-01 02:31:49 status installed libjansson4:amd64 2.14-2
2023-11-01 02:31:49 configure libkrb5support0:amd64 1.20.1-2+deb12u1 <none>
2023-11-01 02:31:49 status unpacked libkrb5support0:amd64 1.20.1-2+deb12u1
2023-11-01 02:31:49 status half-configured libkrb5support0:amd64 1.20.1-2+deb12u1
2023-11-01 02:31:49 status installed libkrb5support0:amd64 1.20.1-2+deb12u1
2023-11-01 02:31:49 configure libpcre3:amd64 2:8.39-15 <none>
2023-11-01 02:31:49 status unpacked libpcre3:amd64 2:8.39-15
2023-11-01 02:31:49 status half-configured libpcre3:amd64 2:8.39-15
2023-11-01 02:31:49 status installed libpcre3:amd64 2:8.39-15
2023-11-01 02:31:49 configure perl-modules-5.36:all 5.36.0-7 <none>
2023-11-01 02:31:49 status unpacked perl-modules-5.36:all 5.36.0-7
2023-11-01 02:31:49 status half-configured perl-modules-5.36:all 5.36.0-7
2023-11-01 02:31:49 status installed perl-modules-5.36:all 5.36.0-7
2023-11-01 02:31:49 configure libpkgconf3:amd64 1.8.1-1 <none>
2023-11-01 02:31:49 status unpacked libpkgconf3:amd64 1.8.1-1
2023-11-01 02:31:49 status half-configured libpkgconf3:amd64 1.8.1-1
2023-11-01 02:31:49 status installed libpkgconf3:amd64 1.8.1-1
2023-11-01 02:31:49 configure rpcsvc-proto:amd64 1.4.3-1 <none>
2023-11-01 02:31:49 status unpacked rpcsvc-proto:amd64 1.4.3-1
2023-11-01 02:31:49 status half-configured rpcsvc-proto:amd64 1.4.3-1
2023-11-01 02:31:49 status installed rpcsvc-proto:amd64 1.4.3-1
2023-11-01 02:31:49 configure make:amd64 4.3-4.1 <none>
2023-11-01 02:31:49 status unpacked make:amd64 4.3-4.1
2023-11-01 02:31:49 status half-configured make:amd64 4.3-4.1
2023-11-01 02:31:49 status installed make:amd64 4.3-4.1
2023-11-01 02:31:49 configure libmpfr6:amd64 4.2.0-1 <none>
2023-11-01 02:31:49 status unpacked libmpfr6:amd64 4.2.0-1
2023-11-01 02:31:49 status half-configured libmpfr6:amd64 4.2.0-1
2023-11-01 02:31:49 status installed libmpfr6:amd64 4.2.0-1
2023-11-01 02:31:49 configure gnupg-l10n:all 2.2.40-1.1 <none>
2023-11-01 02:31:49 status unpacked gnupg-l10n:all 2.2.40-1.1
2023-11-01 02:31:49 status half-configured gnupg-l10n:all 2.2.40-1.1
2023-11-01 02:31:49 status installed gnupg-l10n:all 2.2.40-1.1
2023-11-01 02:31:49 configure librtmp1:amd64 2.4+20151223.gitfa8646d.1-2+b2 <none>
2023-11-01 02:31:49 status unpacked librtmp1:amd64 2.4+20151223.gitfa8646d.1-2+b2
2023-11-01 02:31:49 status half-configured librtmp1:amd64 2.4+20151223.gitfa8646d.1-2+b2
2023-11-01 02:31:49 status installed librtmp1:amd64 2.4+20151223.gitfa8646d.1-2+b2
2023-11-01 02:31:49 configure libldap-dev:amd64 2.5.13+dfsg-5 <none>
2023-11-01 02:31:49 status unpacked libldap-dev:amd64 2.5.13+dfsg-5
2023-11-01 02:31:49 status half-configured libldap-dev:amd64 2.5.13+dfsg-5
2023-11-01 02:31:49 status installed libldap-dev:amd64 2.5.13+dfsg-5
2023-11-01 02:31:49 configure libncurses6:amd64 6.4-4 <none>
2023-11-01 02:31:49 status unpacked libncurses6:amd64 6.4-4
2023-11-01 02:31:49 status half-configured libncurses6:amd64 6.4-4
2023-11-01 02:31:49 status installed libncurses6:amd64 6.4-4
2023-11-01 02:31:49 configure xz-utils:amd64 5.4.1-0.2 <none>
2023-11-01 02:31:49 status unpacked xz-utils:amd64 5.4.1-0.2
2023-11-01 02:31:49 status half-configured xz-utils:amd64 5.4.1-0.2
2023-11-01 02:31:49 status installed xz-utils:amd64 5.4.1-0.2
2023-11-01 02:31:49 configure libquadmath0:amd64 12.2.0-14 <none>
2023-11-01 02:31:49 status unpacked libquadmath0:amd64 12.2.0-14
2023-11-01 02:31:49 status half-configured libquadmath0:amd64 12.2.0-14
2023-11-01 02:31:49 status installed libquadmath0:amd64 12.2.0-14
2023-11-01 02:31:49 configure libssl-dev:amd64 3.0.11-1~deb12u2 <none>
2023-11-01 02:31:49 status unpacked libssl-dev:amd64 3.0.11-1~deb12u2
2023-11-01 02:31:49 status half-configured libssl-dev:amd64 3.0.11-1~deb12u2
2023-11-01 02:31:49 status installed libssl-dev:amd64 3.0.11-1~deb12u2
2023-11-01 02:31:49 configure libpcre32-3:amd64 2:8.39-15 <none>
2023-11-01 02:31:49 status unpacked libpcre32-3:amd64 2:8.39-15
2023-11-01 02:31:49 status half-configured libpcre32-3:amd64 2:8.39-15
2023-11-01 02:31:49 status installed libpcre32-3:amd64 2:8.39-15
2023-11-01 02:31:49 configure libmpc3:amd64 1.3.1-1 <none>
2023-11-01 02:31:49 status unpacked libmpc3:amd64 1.3.1-1
2023-11-01 02:31:49 status half-configured libmpc3:amd64 1.3.1-1
2023-11-01 02:31:49 status installed libmpc3:amd64 1.3.1-1
2023-11-01 02:31:49 configure libatomic1:amd64 12.2.0-14 <none>
2023-11-01 02:31:49 status unpacked libatomic1:amd64 12.2.0-14
2023-11-01 02:31:49 status half-configured libatomic1:amd64 12.2.0-14
2023-11-01 02:31:49 status installed libatomic1:amd64 12.2.0-14
2023-11-01 02:31:49 configure patch:amd64 2.7.6-7 <none>
2023-11-01 02:31:49 status unpacked patch:amd64 2.7.6-7
2023-11-01 02:31:49 status half-configured patch:amd64 2.7.6-7
2023-11-01 02:31:49 status installed patch:amd64 2.7.6-7
2023-11-01 02:31:49 configure icu-devtools:amd64 72.1-3 <none>
2023-11-01 02:31:49 status unpacked icu-devtools:amd64 72.1-3
2023-11-01 02:31:49 status half-configured icu-devtools:amd64 72.1-3
2023-11-01 02:31:49 status installed icu-devtools:amd64 72.1-3
2023-11-01 02:31:49 configure libgdbm-compat4:amd64 1.23-3 <none>
2023-11-01 02:31:49 status unpacked libgdbm-compat4:amd64 1.23-3
2023-11-01 02:31:49 status half-configured libgdbm-compat4:amd64 1.23-3
2023-11-01 02:31:49 status installed libgdbm-compat4:amd64 1.23-3
2023-11-01 02:31:49 configure pkgconf-bin:amd64 1.8.1-1 <none>
2023-11-01 02:31:49 status unpacked pkgconf-bin:amd64 1.8.1-1
2023-11-01 02:31:49 status half-configured pkgconf-bin:amd64 1.8.1-1
2023-11-01 02:31:49 status installed pkgconf-bin:amd64 1.8.1-1
2023-11-01 02:31:49 configure libncursesw6:amd64 6.4-4 <none>
2023-11-01 02:31:49 status unpacked libncursesw6:amd64 6.4-4
2023-11-01 02:31:49 status half-configured libncursesw6:amd64 6.4-4
2023-11-01 02:31:49 status installed libncursesw6:amd64 6.4-4
2023-11-01 02:31:49 configure libk5crypto3:amd64 1.20.1-2+deb12u1 <none>
2023-11-01 02:31:49 status unpacked libk5crypto3:amd64 1.20.1-2+deb12u1
2023-11-01 02:31:49 status half-configured libk5crypto3:amd64 1.20.1-2+deb12u1
2023-11-01 02:31:49 status installed libk5crypto3:amd64 1.20.1-2+deb12u1
2023-11-01 02:31:49 configure libubsan1:amd64 12.2.0-14 <none>
2023-11-01 02:31:49 status unpacked libubsan1:amd64 12.2.0-14
2023-11-01 02:31:49 status half-configured libubsan1:amd64 12.2.0-14
2023-11-01 02:31:49 status installed libubsan1:amd64 12.2.0-14
2023-11-01 02:31:49 configure libsctp1:amd64 1.0.19+dfsg-2 <none>
2023-11-01 02:31:49 status unpacked libsctp1:amd64 1.0.19+dfsg-2
2023-11-01 02:31:49 status half-configured libsctp1:amd64 1.0.19+dfsg-2
2023-11-01 02:31:49 status installed libsctp1:amd64 1.0.19+dfsg-2
2023-11-01 02:31:49 configure liblua5.2-0:amd64 5.2.4-3 <none>
2023-11-01 02:31:49 status unpacked liblua5.2-0:amd64 5.2.4-3
2023-11-01 02:31:49 status half-configured liblua5.2-0:amd64 5.2.4-3
2023-11-01 02:31:49 status installed liblua5.2-0:amd64 5.2.4-3
2023-11-01 02:31:49 configure libcrypt-dev:amd64 1:4.4.33-2 <none>
2023-11-01 02:31:49 status unpacked libcrypt-dev:amd64 1:4.4.33-2
2023-11-01 02:31:49 status half-configured libcrypt-dev:amd64 1:4.4.33-2
2023-11-01 02:31:49 status installed libcrypt-dev:amd64 1:4.4.33-2
2023-11-01 02:31:49 configure libasan8:amd64 12.2.0-14 <none>
2023-11-01 02:31:49 status unpacked libasan8:amd64 12.2.0-14
2023-11-01 02:31:49 status half-configured libasan8:amd64 12.2.0-14
2023-11-01 02:31:49 status installed libasan8:amd64 12.2.0-14
2023-11-01 02:31:49 configure libssh2-1:amd64 1.10.0-3+b1 <none>
2023-11-01 02:31:49 status unpacked libssh2-1:amd64 1.10.0-3+b1
2023-11-01 02:31:49 status half-configured libssh2-1:amd64 1.10.0-3+b1
2023-11-01 02:31:49 status installed libssh2-1:amd64 1.10.0-3+b1
2023-11-01 02:31:49 configure libkrb5-3:amd64 1.20.1-2+deb12u1 <none>
2023-11-01 02:31:49 status unpacked libkrb5-3:amd64 1.20.1-2+deb12u1
2023-11-01 02:31:49 status half-configured libkrb5-3:amd64 1.20.1-2+deb12u1
2023-11-01 02:31:49 status installed libkrb5-3:amd64 1.20.1-2+deb12u1
2023-11-01 02:31:49 configure libtsan2:amd64 12.2.0-14 <none>
2023-11-01 02:31:49 status unpacked libtsan2:amd64 12.2.0-14
2023-11-01 02:31:49 status half-configured libtsan2:amd64 12.2.0-14
2023-11-01 02:31:49 status installed libtsan2:amd64 12.2.0-14
2023-11-01 02:31:49 configure libbinutils:amd64 2.40-2 <none>
2023-11-01 02:31:49 status unpacked libbinutils:amd64 2.40-2
2023-11-01 02:31:49 status half-configured libbinutils:amd64 2.40-2
2023-11-01 02:31:49 status installed libbinutils:amd64 2.40-2
2023-11-01 02:31:49 configure libisl23:amd64 0.25-1 <none>
2023-11-01 02:31:49 status unpacked libisl23:amd64 0.25-1
2023-11-01 02:31:49 status half-configured libisl23:amd64 0.25-1
2023-11-01 02:31:49 status installed libisl23:amd64 0.25-1
2023-11-01 02:31:49 configure libc-dev-bin:amd64 2.36-9+deb12u3 <none>
2023-11-01 02:31:49 status unpacked libc-dev-bin:amd64 2.36-9+deb12u3
2023-11-01 02:31:49 status half-configured libc-dev-bin:amd64 2.36-9+deb12u3
2023-11-01 02:31:49 status installed libc-dev-bin:amd64 2.36-9+deb12u3
2023-11-01 02:31:49 configure readline-common:all 8.2-1.3 <none>
2023-11-01 02:31:49 status unpacked readline-common:all 8.2-1.3
2023-11-01 02:31:49 status half-configured readline-common:all 8.2-1.3
2023-11-01 02:31:49 status installed readline-common:all 8.2-1.3
2023-11-01 02:31:49 configure libxml2:amd64 2.9.14+dfsg-1.3~deb12u1 <none>
2023-11-01 02:31:49 status unpacked libxml2:amd64 2.9.14+dfsg-1.3~deb12u1
2023-11-01 02:31:49 status half-configured libxml2:amd64 2.9.14+dfsg-1.3~deb12u1
2023-11-01 02:31:49 status installed libxml2:amd64 2.9.14+dfsg-1.3~deb12u1
2023-11-01 02:31:49 configure libcc1-0:amd64 12.2.0-14 <none>
2023-11-01 02:31:49 status unpacked libcc1-0:amd64 12.2.0-14
2023-11-01 02:31:49 status half-configured libcc1-0:amd64 12.2.0-14
2023-11-01 02:31:49 status installed libcc1-0:amd64 12.2.0-14
2023-11-01 02:31:49 configure libperl5.36:amd64 5.36.0-7 <none>
2023-11-01 02:31:49 status unpacked libperl5.36:amd64 5.36.0-7
2023-11-01 02:31:49 status half-configured libperl5.36:amd64 5.36.0-7
2023-11-01 02:31:49 status installed libperl5.36:amd64 5.36.0-7
2023-11-01 02:31:49 configure libjansson-dev:amd64 2.14-2 <none>
2023-11-01 02:31:49 status unpacked libjansson-dev:amd64 2.14-2
2023-11-01 02:31:49 status half-configured libjansson-dev:amd64 2.14-2
2023-11-01 02:31:49 status installed libjansson-dev:amd64 2.14-2
2023-11-01 02:31:49 configure libbrotli-dev:amd64 1.0.9-2+b6 <none>
2023-11-01 02:31:49 status unpacked libbrotli-dev:amd64 1.0.9-2+b6
2023-11-01 02:31:49 status half-configured libbrotli-dev:amd64 1.0.9-2+b6
2023-11-01 02:31:49 status installed libbrotli-dev:amd64 1.0.9-2+b6
2023-11-01 02:31:49 configure liblsan0:amd64 12.2.0-14 <none>
2023-11-01 02:31:49 status unpacked liblsan0:amd64 12.2.0-14
2023-11-01 02:31:49 status half-configured liblsan0:amd64 12.2.0-14
2023-11-01 02:31:49 status installed liblsan0:amd64 12.2.0-14
2023-11-01 02:31:49 configure libitm1:amd64 12.2.0-14 <none>
2023-11-01 02:31:49 status unpacked libitm1:amd64 12.2.0-14
2023-11-01 02:31:49 status half-configured libitm1:amd64 12.2.0-14
2023-11-01 02:31:49 status installed libitm1:amd64 12.2.0-14
2023-11-01 02:31:49 configure libctf0:amd64 2.40-2 <none>
2023-11-01 02:31:49 status unpacked libctf0:amd64 2.40-2
2023-11-01 02:31:49 status half-configured libctf0:amd64 2.40-2
2023-11-01 02:31:49 status installed libctf0:amd64 2.40-2
2023-11-01 02:31:49 configure pinentry-curses:amd64 1.2.1-1 <none>
2023-11-01 02:31:49 status unpacked pinentry-curses:amd64 1.2.1-1
2023-11-01 02:31:49 status half-configured pinentry-curses:amd64 1.2.1-1
2023-11-01 02:31:49 status installed pinentry-curses:amd64 1.2.1-1
2023-11-01 02:31:49 configure libpcrecpp0v5:amd64 2:8.39-15 <none>
2023-11-01 02:31:49 status unpacked libpcrecpp0v5:amd64 2:8.39-15
2023-11-01 02:31:49 status half-configured libpcrecpp0v5:amd64 2:8.39-15
2023-11-01 02:31:49 status installed libpcrecpp0v5:amd64 2:8.39-15
2023-11-01 02:31:49 configure cpp-12:amd64 12.2.0-14 <none>
2023-11-01 02:31:49 status unpacked cpp-12:amd64 12.2.0-14
2023-11-01 02:31:49 status half-configured cpp-12:amd64 12.2.0-14
2023-11-01 02:31:49 status installed cpp-12:amd64 12.2.0-14
2023-11-01 02:31:49 configure libreadline8:amd64 8.2-1.3 <none>
2023-11-01 02:31:49 status unpacked libreadline8:amd64 8.2-1.3
2023-11-01 02:31:49 status half-configured libreadline8:amd64 8.2-1.3
2023-11-01 02:31:49 status installed libreadline8:amd64 8.2-1.3
2023-11-01 02:31:49 configure pkgconf:amd64 1.8.1-1 <none>
2023-11-01 02:31:49 status unpacked pkgconf:amd64 1.8.1-1
2023-11-01 02:31:49 status half-configured pkgconf:amd64 1.8.1-1
2023-11-01 02:31:49 status installed pkgconf:amd64 1.8.1-1
2023-11-01 02:31:49 configure libldap2-dev:all 2.5.13+dfsg-5 <none>
2023-11-01 02:31:49 status unpacked libldap2-dev:all 2.5.13+dfsg-5
2023-11-01 02:31:49 status half-configured libldap2-dev:all 2.5.13+dfsg-5
2023-11-01 02:31:49 status installed libldap2-dev:all 2.5.13+dfsg-5
2023-11-01 02:31:49 configure perl:amd64 5.36.0-7 <none>
2023-11-01 02:31:49 status unpacked perl:amd64 5.36.0-7
2023-11-01 02:31:49 status half-configured perl:amd64 5.36.0-7
2023-11-01 02:31:49 status installed perl:amd64 5.36.0-7
2023-11-01 02:31:49 configure libgprofng0:amd64 2.40-2 <none>
2023-11-01 02:31:49 status unpacked libgprofng0:amd64 2.40-2
2023-11-01 02:31:49 status half-configured libgprofng0:amd64 2.40-2
2023-11-01 02:31:49 status installed libgprofng0:amd64 2.40-2
2023-11-01 02:31:49 configure libgcc-12-dev:amd64 12.2.0-14 <none>
2023-11-01 02:31:49 status unpacked libgcc-12-dev:amd64 12.2.0-14
2023-11-01 02:31:49 status half-configured libgcc-12-dev:amd64 12.2.0-14
2023-11-01 02:31:49 status installed libgcc-12-dev:amd64 12.2.0-14
2023-11-01 02:31:49 configure libgssapi-krb5-2:amd64 1.20.1-2+deb12u1 <none>
2023-11-01 02:31:49 status unpacked libgssapi-krb5-2:amd64 1.20.1-2+deb12u1
2023-11-01 02:31:49 status half-configured libgssapi-krb5-2:amd64 1.20.1-2+deb12u1
2023-11-01 02:31:49 status installed libgssapi-krb5-2:amd64 1.20.1-2+deb12u1
2023-11-01 02:31:49 configure pkg-config:amd64 1.8.1-1 <none>
2023-11-01 02:31:49 status unpacked pkg-config:amd64 1.8.1-1
2023-11-01 02:31:49 status half-configured pkg-config:amd64 1.8.1-1
2023-11-01 02:31:49 status installed pkg-config:amd64 1.8.1-1
2023-11-01 02:31:49 configure libdpkg-perl:all 1.21.22 <none>
2023-11-01 02:31:49 status unpacked libdpkg-perl:all 1.21.22
2023-11-01 02:31:49 status half-configured libdpkg-perl:all 1.21.22
2023-11-01 02:31:49 status installed libdpkg-perl:all 1.21.22
2023-11-01 02:31:50 configure cpp:amd64 4:12.2.0-3 <none>
2023-11-01 02:31:50 status unpacked cpp:amd64 4:12.2.0-3
2023-11-01 02:31:50 status half-configured cpp:amd64 4:12.2.0-3
2023-11-01 02:31:50 status installed cpp:amd64 4:12.2.0-3
2023-11-01 02:31:50 configure gpgconf:amd64 2.2.40-1.1 <none>
2023-11-01 02:31:50 status unpacked gpgconf:amd64 2.2.40-1.1
2023-11-01 02:31:50 status half-configured gpgconf:amd64 2.2.40-1.1
2023-11-01 02:31:50 status installed gpgconf:amd64 2.2.40-1.1
2023-11-01 02:31:50 configure libcurl4:amd64 7.88.1-10+deb12u4 <none>
2023-11-01 02:31:50 status unpacked libcurl4:amd64 7.88.1-10+deb12u4
2023-11-01 02:31:50 status half-configured libcurl4:amd64 7.88.1-10+deb12u4
2023-11-01 02:31:50 status installed libcurl4:amd64 7.88.1-10+deb12u4
2023-11-01 02:31:50 configure gpg:amd64 2.2.40-1.1 <none>
2023-11-01 02:31:50 status unpacked gpg:amd64 2.2.40-1.1
2023-11-01 02:31:50 status half-configured gpg:amd64 2.2.40-1.1
2023-11-01 02:31:50 status installed gpg:amd64 2.2.40-1.1
2023-11-01 02:31:50 configure gnupg-utils:amd64 2.2.40-1.1 <none>
2023-11-01 02:31:50 status unpacked gnupg-utils:amd64 2.2.40-1.1
2023-11-01 02:31:50 status half-configured gnupg-utils:amd64 2.2.40-1.1
2023-11-01 02:31:50 status installed gnupg-utils:amd64 2.2.40-1.1
2023-11-01 02:31:50 configure binutils-x86-64-linux-gnu:amd64 2.40-2 <none>
2023-11-01 02:31:50 status unpacked binutils-x86-64-linux-gnu:amd64 2.40-2
2023-11-01 02:31:50 status half-configured binutils-x86-64-linux-gnu:amd64 2.40-2
2023-11-01 02:31:50 status installed binutils-x86-64-linux-gnu:amd64 2.40-2
2023-11-01 02:31:50 configure libtirpc3:amd64 1.3.3+ds-1 <none>
2023-11-01 02:31:50 status unpacked libtirpc3:amd64 1.3.3+ds-1
2023-11-01 02:31:50 status half-configured libtirpc3:amd64 1.3.3+ds-1
2023-11-01 02:31:50 status installed libtirpc3:amd64 1.3.3+ds-1
2023-11-01 02:31:50 configure libnghttp2-dev:amd64 1.52.0-1 <none>
2023-11-01 02:31:50 status unpacked libnghttp2-dev:amd64 1.52.0-1
2023-11-01 02:31:50 status half-configured libnghttp2-dev:amd64 1.52.0-1
2023-11-01 02:31:50 status installed libnghttp2-dev:amd64 1.52.0-1
2023-11-01 02:31:50 configure gpg-agent:amd64 2.2.40-1.1 <none>
2023-11-01 02:31:50 status unpacked gpg-agent:amd64 2.2.40-1.1
2023-11-01 02:31:50 status half-configured gpg-agent:amd64 2.2.40-1.1
2023-11-01 02:31:50 status installed gpg-agent:amd64 2.2.40-1.1
2023-11-01 02:31:50 configure gpgsm:amd64 2.2.40-1.1 <none>
2023-11-01 02:31:50 status unpacked gpgsm:amd64 2.2.40-1.1
2023-11-01 02:31:50 status half-configured gpgsm:amd64 2.2.40-1.1
2023-11-01 02:31:50 status installed gpgsm:amd64 2.2.40-1.1
2023-11-01 02:31:50 configure binutils:amd64 2.40-2 <none>
2023-11-01 02:31:50 status unpacked binutils:amd64 2.40-2
2023-11-01 02:31:50 status half-configured binutils:amd64 2.40-2
2023-11-01 02:31:50 status installed binutils:amd64 2.40-2
2023-11-01 02:31:50 configure dpkg-dev:all 1.21.22 <none>
2023-11-01 02:31:50 status unpacked dpkg-dev:all 1.21.22
2023-11-01 02:31:50 status half-configured dpkg-dev:all 1.21.22
2023-11-01 02:31:50 status installed dpkg-dev:all 1.21.22
2023-11-01 02:31:50 configure dirmngr:amd64 2.2.40-1.1 <none>
2023-11-01 02:31:50 status unpacked dirmngr:amd64 2.2.40-1.1
2023-11-01 02:31:50 status half-configured dirmngr:amd64 2.2.40-1.1
2023-11-01 02:31:50 status installed dirmngr:amd64 2.2.40-1.1
2023-11-01 02:31:50 configure libtirpc-dev:amd64 1.3.3+ds-1 <none>
2023-11-01 02:31:50 status unpacked libtirpc-dev:amd64 1.3.3+ds-1
2023-11-01 02:31:50 status half-configured libtirpc-dev:amd64 1.3.3+ds-1
2023-11-01 02:31:50 status installed libtirpc-dev:amd64 1.3.3+ds-1
2023-11-01 02:31:50 configure gcc-12:amd64 12.2.0-14 <none>
2023-11-01 02:31:50 status unpacked gcc-12:amd64 12.2.0-14
2023-11-01 02:31:50 status half-configured gcc-12:amd64 12.2.0-14
2023-11-01 02:31:50 status installed gcc-12:amd64 12.2.0-14
2023-11-01 02:31:50 configure libcurl4-openssl-dev:amd64 7.88.1-10+deb12u4 <none>
2023-11-01 02:31:50 status unpacked libcurl4-openssl-dev:amd64 7.88.1-10+deb12u4
2023-11-01 02:31:50 status half-configured libcurl4-openssl-dev:amd64 7.88.1-10+deb12u4
2023-11-01 02:31:50 status installed libcurl4-openssl-dev:amd64 7.88.1-10+deb12u4
2023-11-01 02:31:50 configure gpg-wks-server:amd64 2.2.40-1.1 <none>
2023-11-01 02:31:50 status unpacked gpg-wks-server:amd64 2.2.40-1.1
2023-11-01 02:31:50 status half-configured gpg-wks-server:amd64 2.2.40-1.1
2023-11-01 02:31:50 status installed gpg-wks-server:amd64 2.2.40-1.1
2023-11-01 02:31:50 configure libnsl2:amd64 1.3.0-2 <none>
2023-11-01 02:31:50 status unpacked libnsl2:amd64 1.3.0-2
2023-11-01 02:31:50 status half-configured libnsl2:amd64 1.3.0-2
2023-11-01 02:31:50 status installed libnsl2:amd64 1.3.0-2
2023-11-01 02:31:50 configure gpg-wks-client:amd64 2.2.40-1.1 <none>
2023-11-01 02:31:50 status unpacked gpg-wks-client:amd64 2.2.40-1.1
2023-11-01 02:31:50 status half-configured gpg-wks-client:amd64 2.2.40-1.1
2023-11-01 02:31:50 status installed gpg-wks-client:amd64 2.2.40-1.1
2023-11-01 02:31:50 configure libpython3.11-stdlib:amd64 3.11.2-6 <none>
2023-11-01 02:31:50 status unpacked libpython3.11-stdlib:amd64 3.11.2-6
2023-11-01 02:31:50 status half-configured libpython3.11-stdlib:amd64 3.11.2-6
2023-11-01 02:31:50 status installed libpython3.11-stdlib:amd64 3.11.2-6
2023-11-01 02:31:50 configure gcc:amd64 4:12.2.0-3 <none>
2023-11-01 02:31:50 status unpacked gcc:amd64 4:12.2.0-3
2023-11-01 02:31:50 status half-configured gcc:amd64 4:12.2.0-3
2023-11-01 02:31:50 status installed gcc:amd64 4:12.2.0-3
2023-11-01 02:31:50 configure libnsl-dev:amd64 1.3.0-2 <none>
2023-11-01 02:31:50 status unpacked libnsl-dev:amd64 1.3.0-2
2023-11-01 02:31:50 status half-configured libnsl-dev:amd64 1.3.0-2
2023-11-01 02:31:50 status installed libnsl-dev:amd64 1.3.0-2
2023-11-01 02:31:50 configure gnupg:all 2.2.40-1.1 <none>
2023-11-01 02:31:50 status unpacked gnupg:all 2.2.40-1.1
2023-11-01 02:31:50 status half-configured gnupg:all 2.2.40-1.1
2023-11-01 02:31:50 status installed gnupg:all 2.2.40-1.1
2023-11-01 02:31:50 configure libc6-dev:amd64 2.36-9+deb12u3 <none>
2023-11-01 02:31:50 status unpacked libc6-dev:amd64 2.36-9+deb12u3
2023-11-01 02:31:50 status half-configured libc6-dev:amd64 2.36-9+deb12u3
2023-11-01 02:31:50 status installed libc6-dev:amd64 2.36-9+deb12u3
2023-11-01 02:31:50 configure libicu-dev:amd64 72.1-3 <none>
2023-11-01 02:31:50 status unpacked libicu-dev:amd64 72.1-3
2023-11-01 02:31:50 status half-configured libicu-dev:amd64 72.1-3
2023-11-01 02:31:50 status installed libicu-dev:amd64 72.1-3
2023-11-01 02:31:50 configure libpython3-stdlib:amd64 3.11.2-1+b1 <none>
2023-11-01 02:31:50 status unpacked libpython3-stdlib:amd64 3.11.2-1+b1
2023-11-01 02:31:50 status half-configured libpython3-stdlib:amd64 3.11.2-1+b1
2023-11-01 02:31:50 status installed libpython3-stdlib:amd64 3.11.2-1+b1
2023-11-01 02:31:50 configure python3.11:amd64 3.11.2-6 <none>
2023-11-01 02:31:50 status unpacked python3.11:amd64 3.11.2-6
2023-11-01 02:31:50 status half-configured python3.11:amd64 3.11.2-6
2023-11-01 02:31:51 status installed python3.11:amd64 3.11.2-6
2023-11-01 02:31:51 configure libncurses-dev:amd64 6.4-4 <none>
2023-11-01 02:31:51 status unpacked libncurses-dev:amd64 6.4-4
2023-11-01 02:31:51 status half-configured libncurses-dev:amd64 6.4-4
2023-11-01 02:31:51 status installed libncurses-dev:amd64 6.4-4
2023-11-01 02:31:51 configure libpcre3-dev:amd64 2:8.39-15 <none>
2023-11-01 02:31:51 status unpacked libpcre3-dev:amd64 2:8.39-15
2023-11-01 02:31:51 status half-configured libpcre3-dev:amd64 2:8.39-15
2023-11-01 02:31:51 status installed libpcre3-dev:amd64 2:8.39-15
2023-11-01 02:31:51 configure python3:amd64 3.11.2-1+b1 <none>
2023-11-01 02:31:51 status unpacked python3:amd64 3.11.2-1+b1
2023-11-01 02:31:51 status half-configured python3:amd64 3.11.2-1+b1
2023-11-01 02:31:51 status installed python3:amd64 3.11.2-1+b1
2023-11-01 02:31:51 configure libreadline-dev:amd64 8.2-1.3 <none>
2023-11-01 02:31:51 status unpacked libreadline-dev:amd64 8.2-1.3
2023-11-01 02:31:51 status half-configured libreadline-dev:amd64 8.2-1.3
2023-11-01 02:31:51 status installed libreadline-dev:amd64 8.2-1.3
2023-11-01 02:31:51 configure liblua5.2-dev:amd64 5.2.4-3 <none>
2023-11-01 02:31:51 status unpacked liblua5.2-dev:amd64 5.2.4-3
2023-11-01 02:31:51 status half-configured liblua5.2-dev:amd64 5.2.4-3
2023-11-01 02:31:51 status installed liblua5.2-dev:amd64 5.2.4-3
2023-11-01 02:31:51 configure libxml2-dev:amd64 2.9.14+dfsg-1.3~deb12u1 <none>
2023-11-01 02:31:51 status unpacked libxml2-dev:amd64 2.9.14+dfsg-1.3~deb12u1
2023-11-01 02:31:51 status half-configured libxml2-dev:amd64 2.9.14+dfsg-1.3~deb12u1
2023-11-01 02:31:51 status installed libxml2-dev:amd64 2.9.14+dfsg-1.3~deb12u1
2023-11-01 02:31:51 configure libexpat1-dev:amd64 2.5.0-1 <none>
2023-11-01 02:31:51 status unpacked libexpat1-dev:amd64 2.5.0-1
2023-11-01 02:31:51 status half-configured libexpat1-dev:amd64 2.5.0-1
2023-11-01 02:31:51 status installed libexpat1-dev:amd64 2.5.0-1
2023-11-01 02:31:51 configure uuid-dev:amd64 2.38.1-5+b1 <none>
2023-11-01 02:31:51 status unpacked uuid-dev:amd64 2.38.1-5+b1
2023-11-01 02:31:51 status half-configured uuid-dev:amd64 2.38.1-5+b1
2023-11-01 02:31:51 status installed uuid-dev:amd64 2.38.1-5+b1
2023-11-01 02:31:51 configure libsctp-dev:amd64 1.0.19+dfsg-2 <none>
2023-11-01 02:31:51 status unpacked libsctp-dev:amd64 1.0.19+dfsg-2
2023-11-01 02:31:51 status half-configured libsctp-dev:amd64 1.0.19+dfsg-2
2023-11-01 02:31:51 status installed libsctp-dev:amd64 1.0.19+dfsg-2
2023-11-01 02:31:51 configure zlib1g-dev:amd64 1:1.2.13.dfsg-1 <none>
2023-11-01 02:31:51 status unpacked zlib1g-dev:amd64 1:1.2.13.dfsg-1
2023-11-01 02:31:51 status half-configured zlib1g-dev:amd64 1:1.2.13.dfsg-1
2023-11-01 02:31:51 status installed zlib1g-dev:amd64 1:1.2.13.dfsg-1
2023-11-01 02:31:51 configure libapr1-dev:amd64 1.7.2-3 <none>
2023-11-01 02:31:51 status unpacked libapr1-dev:amd64 1.7.2-3
2023-11-01 02:31:51 status half-configured libapr1-dev:amd64 1.7.2-3
2023-11-01 02:31:51 status installed libapr1-dev:amd64 1.7.2-3
2023-11-01 02:31:51 configure libaprutil1-dev:amd64 1.6.3-1 <none>
2023-11-01 02:31:51 status unpacked libaprutil1-dev:amd64 1.6.3-1
2023-11-01 02:31:51 status half-configured libaprutil1-dev:amd64 1.6.3-1
2023-11-01 02:31:51 status installed libaprutil1-dev:amd64 1.6.3-1
2023-11-01 02:31:51 trigproc libc-bin:amd64 2.36-9+deb12u3 <none>
2023-11-01 02:31:51 status half-configured libc-bin:amd64 2.36-9+deb12u3
2023-11-01 02:31:51 status installed libc-bin:amd64 2.36-9+deb12u3
2023-11-01 02:33:37 startup packages remove
2023-11-01 02:33:37 status installed gcc:amd64 4:12.2.0-3
2023-11-01 02:33:37 remove gcc:amd64 4:12.2.0-3 <none>
2023-11-01 02:33:37 status half-configured gcc:amd64 4:12.2.0-3
2023-11-01 02:33:37 status half-installed gcc:amd64 4:12.2.0-3
2023-11-01 02:33:37 status config-files gcc:amd64 4:12.2.0-3
2023-11-01 02:33:37 status not-installed gcc:amd64 <none>
2023-11-01 02:33:37 status installed gcc-12:amd64 12.2.0-14
2023-11-01 02:33:37 remove gcc-12:amd64 12.2.0-14 <none>
2023-11-01 02:33:37 status half-configured gcc-12:amd64 12.2.0-14
2023-11-01 02:33:37 status half-installed gcc-12:amd64 12.2.0-14
2023-11-01 02:33:37 status config-files gcc-12:amd64 12.2.0-14
2023-11-01 02:33:37 status not-installed gcc-12:amd64 <none>
2023-11-01 02:33:37 status installed dpkg-dev:all 1.21.22
2023-11-01 02:33:37 remove dpkg-dev:all 1.21.22 <none>
2023-11-01 02:33:37 status half-configured dpkg-dev:all 1.21.22
2023-11-01 02:33:37 status half-installed dpkg-dev:all 1.21.22
2023-11-01 02:33:37 status config-files dpkg-dev:all 1.21.22
2023-11-01 02:33:37 status installed binutils:amd64 2.40-2
2023-11-01 02:33:37 remove binutils:amd64 2.40-2 <none>
2023-11-01 02:33:37 status half-configured binutils:amd64 2.40-2
2023-11-01 02:33:37 status half-installed binutils:amd64 2.40-2
2023-11-01 02:33:37 status config-files binutils:amd64 2.40-2
2023-11-01 02:33:37 status not-installed binutils:amd64 <none>
2023-11-01 02:33:37 status installed binutils-x86-64-linux-gnu:amd64 2.40-2
2023-11-01 02:33:37 remove binutils-x86-64-linux-gnu:amd64 2.40-2 <none>
2023-11-01 02:33:37 status half-configured binutils-x86-64-linux-gnu:amd64 2.40-2
2023-11-01 02:33:37 status half-installed binutils-x86-64-linux-gnu:amd64 2.40-2
2023-11-01 02:33:37 status config-files binutils-x86-64-linux-gnu:amd64 2.40-2
2023-11-01 02:33:37 status not-installed binutils-x86-64-linux-gnu:amd64 <none>
2023-11-01 02:33:37 status installed libgprofng0:amd64 2.40-2
2023-11-01 02:33:37 remove libgprofng0:amd64 2.40-2 <none>
2023-11-01 02:33:37 status triggers-pending libc-bin:amd64 2.36-9+deb12u3
2023-11-01 02:33:37 status half-configured libgprofng0:amd64 2.40-2
2023-11-01 02:33:37 status half-installed libgprofng0:amd64 2.40-2
2023-11-01 02:33:37 status config-files libgprofng0:amd64 2.40-2
2023-11-01 02:33:37 status not-installed libgprofng0:amd64 <none>
2023-11-01 02:33:37 status installed libctf0:amd64 2.40-2
2023-11-01 02:33:37 remove libctf0:amd64 2.40-2 <none>
2023-11-01 02:33:37 status half-configured libctf0:amd64 2.40-2
2023-11-01 02:33:37 status half-installed libctf0:amd64 2.40-2
2023-11-01 02:33:37 status config-files libctf0:amd64 2.40-2
2023-11-01 02:33:37 status not-installed libctf0:amd64 <none>
2023-11-01 02:33:37 status installed libbinutils:amd64 2.40-2
2023-11-01 02:33:37 remove libbinutils:amd64 2.40-2 <none>
2023-11-01 02:33:37 status half-configured libbinutils:amd64 2.40-2
2023-11-01 02:33:37 status half-installed libbinutils:amd64 2.40-2
2023-11-01 02:33:37 status config-files libbinutils:amd64 2.40-2
2023-11-01 02:33:37 status not-installed libbinutils:amd64 <none>
2023-11-01 02:33:37 status installed binutils-common:amd64 2.40-2
2023-11-01 02:33:37 remove binutils-common:amd64 2.40-2 <none>
2023-11-01 02:33:37 status half-configured binutils-common:amd64 2.40-2
2023-11-01 02:33:37 status half-installed binutils-common:amd64 2.40-2
2023-11-01 02:33:37 status config-files binutils-common:amd64 2.40-2
2023-11-01 02:33:37 status installed bzip2:amd64 1.0.8-5+b1
2023-11-01 02:33:37 remove bzip2:amd64 1.0.8-5+b1 <none>
2023-11-01 02:33:37 status half-configured bzip2:amd64 1.0.8-5+b1
2023-11-01 02:33:37 status half-installed bzip2:amd64 1.0.8-5+b1
2023-11-01 02:33:37 status config-files bzip2:amd64 1.0.8-5+b1
2023-11-01 02:33:37 status not-installed bzip2:amd64 <none>
2023-11-01 02:33:37 status installed cpp:amd64 4:12.2.0-3
2023-11-01 02:33:37 remove cpp:amd64 4:12.2.0-3 <none>
2023-11-01 02:33:37 status half-configured cpp:amd64 4:12.2.0-3
2023-11-01 02:33:37 status half-installed cpp:amd64 4:12.2.0-3
2023-11-01 02:33:37 status config-files cpp:amd64 4:12.2.0-3
2023-11-01 02:33:37 status not-installed cpp:amd64 <none>
2023-11-01 02:33:37 status installed cpp-12:amd64 12.2.0-14
2023-11-01 02:33:37 remove cpp-12:amd64 12.2.0-14 <none>
2023-11-01 02:33:37 status half-configured cpp-12:amd64 12.2.0-14
2023-11-01 02:33:37 status half-installed cpp-12:amd64 12.2.0-14
2023-11-01 02:33:37 status config-files cpp-12:amd64 12.2.0-14
2023-11-01 02:33:37 status not-installed cpp-12:amd64 <none>
2023-11-01 02:33:37 status installed gnupg:all 2.2.40-1.1
2023-11-01 02:33:37 remove gnupg:all 2.2.40-1.1 <none>
2023-11-01 02:33:37 status half-configured gnupg:all 2.2.40-1.1
2023-11-01 02:33:37 status half-installed gnupg:all 2.2.40-1.1
2023-11-01 02:33:37 status config-files gnupg:all 2.2.40-1.1
2023-11-01 02:33:37 status not-installed gnupg:all <none>
2023-11-01 02:33:37 status installed gpg-wks-client:amd64 2.2.40-1.1
2023-11-01 02:33:37 remove gpg-wks-client:amd64 2.2.40-1.1 <none>
2023-11-01 02:33:37 status half-configured gpg-wks-client:amd64 2.2.40-1.1
2023-11-01 02:33:37 status half-installed gpg-wks-client:amd64 2.2.40-1.1
2023-11-01 02:33:37 status config-files gpg-wks-client:amd64 2.2.40-1.1
2023-11-01 02:33:37 status not-installed gpg-wks-client:amd64 <none>
2023-11-01 02:33:37 status installed dirmngr:amd64 2.2.40-1.1
2023-11-01 02:33:37 remove dirmngr:amd64 2.2.40-1.1 <none>
2023-11-01 02:33:37 status half-configured dirmngr:amd64 2.2.40-1.1
2023-11-01 02:33:37 status half-installed dirmngr:amd64 2.2.40-1.1
2023-11-01 02:33:37 status config-files dirmngr:amd64 2.2.40-1.1
2023-11-01 02:33:37 status installed gnupg-l10n:all 2.2.40-1.1
2023-11-01 02:33:37 remove gnupg-l10n:all 2.2.40-1.1 <none>
2023-11-01 02:33:37 status half-configured gnupg-l10n:all 2.2.40-1.1
2023-11-01 02:33:37 status half-installed gnupg-l10n:all 2.2.40-1.1
2023-11-01 02:33:37 status config-files gnupg-l10n:all 2.2.40-1.1
2023-11-01 02:33:37 status not-installed gnupg-l10n:all <none>
2023-11-01 02:33:37 status installed gnupg-utils:amd64 2.2.40-1.1
2023-11-01 02:33:37 remove gnupg-utils:amd64 2.2.40-1.1 <none>
2023-11-01 02:33:37 status half-configured gnupg-utils:amd64 2.2.40-1.1
2023-11-01 02:33:37 status half-installed gnupg-utils:amd64 2.2.40-1.1
2023-11-01 02:33:37 status config-files gnupg-utils:amd64 2.2.40-1.1
2023-11-01 02:33:37 status not-installed gnupg-utils:amd64 <none>
2023-11-01 02:33:37 status installed gpg-wks-server:amd64 2.2.40-1.1
2023-11-01 02:33:38 remove gpg-wks-server:amd64 2.2.40-1.1 <none>
2023-11-01 02:33:38 status half-configured gpg-wks-server:amd64 2.2.40-1.1
2023-11-01 02:33:38 status half-installed gpg-wks-server:amd64 2.2.40-1.1
2023-11-01 02:33:38 status config-files gpg-wks-server:amd64 2.2.40-1.1
2023-11-01 02:33:38 status not-installed gpg-wks-server:amd64 <none>
2023-11-01 02:33:38 status installed gpg:amd64 2.2.40-1.1
2023-11-01 02:33:38 remove gpg:amd64 2.2.40-1.1 <none>
2023-11-01 02:33:38 status half-configured gpg:amd64 2.2.40-1.1
2023-11-01 02:33:38 status half-installed gpg:amd64 2.2.40-1.1
2023-11-01 02:33:38 status config-files gpg:amd64 2.2.40-1.1
2023-11-01 02:33:38 status not-installed gpg:amd64 <none>
2023-11-01 02:33:38 status installed gpg-agent:amd64 2.2.40-1.1
2023-11-01 02:33:38 remove gpg-agent:amd64 2.2.40-1.1 <none>
2023-11-01 02:33:38 status half-configured gpg-agent:amd64 2.2.40-1.1
2023-11-01 02:33:38 status half-installed gpg-agent:amd64 2.2.40-1.1
2023-11-01 02:33:38 status config-files gpg-agent:amd64 2.2.40-1.1
2023-11-01 02:33:38 status installed gpgsm:amd64 2.2.40-1.1
2023-11-01 02:33:38 remove gpgsm:amd64 2.2.40-1.1 <none>
2023-11-01 02:33:38 status half-configured gpgsm:amd64 2.2.40-1.1
2023-11-01 02:33:38 status half-installed gpgsm:amd64 2.2.40-1.1
2023-11-01 02:33:38 status config-files gpgsm:amd64 2.2.40-1.1
2023-11-01 02:33:38 status not-installed gpgsm:amd64 <none>
2023-11-01 02:33:38 status installed gpgconf:amd64 2.2.40-1.1
2023-11-01 02:33:38 remove gpgconf:amd64 2.2.40-1.1 <none>
2023-11-01 02:33:38 status half-configured gpgconf:amd64 2.2.40-1.1
2023-11-01 02:33:38 status half-installed gpgconf:amd64 2.2.40-1.1
2023-11-01 02:33:38 status config-files gpgconf:amd64 2.2.40-1.1
2023-11-01 02:33:38 status not-installed gpgconf:amd64 <none>
2023-11-01 02:33:38 status installed libxml2-dev:amd64 2.9.14+dfsg-1.3~deb12u1
2023-11-01 02:33:38 remove libxml2-dev:amd64 2.9.14+dfsg-1.3~deb12u1 <none>
2023-11-01 02:33:38 status half-configured libxml2-dev:amd64 2.9.14+dfsg-1.3~deb12u1
2023-11-01 02:33:38 status half-installed libxml2-dev:amd64 2.9.14+dfsg-1.3~deb12u1
2023-11-01 02:33:38 status config-files libxml2-dev:amd64 2.9.14+dfsg-1.3~deb12u1
2023-11-01 02:33:38 status not-installed libxml2-dev:amd64 <none>
2023-11-01 02:33:38 status installed libicu-dev:amd64 72.1-3
2023-11-01 02:33:38 remove libicu-dev:amd64 72.1-3 <none>
2023-11-01 02:33:38 status half-configured libicu-dev:amd64 72.1-3
2023-11-01 02:33:38 status half-installed libicu-dev:amd64 72.1-3
2023-11-01 02:33:38 status config-files libicu-dev:amd64 72.1-3
2023-11-01 02:33:38 status not-installed libicu-dev:amd64 <none>
2023-11-01 02:33:38 status installed icu-devtools:amd64 72.1-3
2023-11-01 02:33:38 remove icu-devtools:amd64 72.1-3 <none>
2023-11-01 02:33:38 status half-configured icu-devtools:amd64 72.1-3
2023-11-01 02:33:38 status half-installed icu-devtools:amd64 72.1-3
2023-11-01 02:33:38 status config-files icu-devtools:amd64 72.1-3
2023-11-01 02:33:38 status not-installed icu-devtools:amd64 <none>
2023-11-01 02:33:38 status installed libaprutil1-dev:amd64 1.6.3-1
2023-11-01 02:33:38 remove libaprutil1-dev:amd64 1.6.3-1 <none>
2023-11-01 02:33:38 status half-configured libaprutil1-dev:amd64 1.6.3-1
2023-11-01 02:33:38 status half-installed libaprutil1-dev:amd64 1.6.3-1
2023-11-01 02:33:38 status config-files libaprutil1-dev:amd64 1.6.3-1
2023-11-01 02:33:38 status not-installed libaprutil1-dev:amd64 <none>
2023-11-01 02:33:38 status installed libapr1-dev:amd64 1.7.2-3
2023-11-01 02:33:38 remove libapr1-dev:amd64 1.7.2-3 <none>
2023-11-01 02:33:38 status half-configured libapr1-dev:amd64 1.7.2-3
2023-11-01 02:33:38 status half-installed libapr1-dev:amd64 1.7.2-3
2023-11-01 02:33:38 status config-files libapr1-dev:amd64 1.7.2-3
2023-11-01 02:33:38 status not-installed libapr1-dev:amd64 <none>
2023-11-01 02:33:38 status installed libgcc-12-dev:amd64 12.2.0-14
2023-11-01 02:33:38 remove libgcc-12-dev:amd64 12.2.0-14 <none>
2023-11-01 02:33:38 status half-configured libgcc-12-dev:amd64 12.2.0-14
2023-11-01 02:33:38 status half-installed libgcc-12-dev:amd64 12.2.0-14
2023-11-01 02:33:38 status config-files libgcc-12-dev:amd64 12.2.0-14
2023-11-01 02:33:38 status not-installed libgcc-12-dev:amd64 <none>
2023-11-01 02:33:38 status installed libasan8:amd64 12.2.0-14
2023-11-01 02:33:38 remove libasan8:amd64 12.2.0-14 <none>
2023-11-01 02:33:38 status half-configured libasan8:amd64 12.2.0-14
2023-11-01 02:33:38 status half-installed libasan8:amd64 12.2.0-14
2023-11-01 02:33:38 status config-files libasan8:amd64 12.2.0-14
2023-11-01 02:33:38 status not-installed libasan8:amd64 <none>
2023-11-01 02:33:38 status installed pinentry-curses:amd64 1.2.1-1
2023-11-01 02:33:38 remove pinentry-curses:amd64 1.2.1-1 <none>
2023-11-01 02:33:38 status half-configured pinentry-curses:amd64 1.2.1-1
2023-11-01 02:33:38 status half-installed pinentry-curses:amd64 1.2.1-1
2023-11-01 02:33:38 status config-files pinentry-curses:amd64 1.2.1-1
2023-11-01 02:33:38 status not-installed pinentry-curses:amd64 <none>
2023-11-01 02:33:38 status installed libassuan0:amd64 2.5.5-5
2023-11-01 02:33:38 remove libassuan0:amd64 2.5.5-5 <none>
2023-11-01 02:33:38 status half-configured libassuan0:amd64 2.5.5-5
2023-11-01 02:33:38 status half-installed libassuan0:amd64 2.5.5-5
2023-11-01 02:33:38 status config-files libassuan0:amd64 2.5.5-5
2023-11-01 02:33:38 status not-installed libassuan0:amd64 <none>
2023-11-01 02:33:38 status installed libatomic1:amd64 12.2.0-14
2023-11-01 02:33:38 remove libatomic1:amd64 12.2.0-14 <none>
2023-11-01 02:33:38 status half-configured libatomic1:amd64 12.2.0-14
2023-11-01 02:33:38 status half-installed libatomic1:amd64 12.2.0-14
2023-11-01 02:33:38 status config-files libatomic1:amd64 12.2.0-14
2023-11-01 02:33:38 status not-installed libatomic1:amd64 <none>
2023-11-01 02:33:38 status installed libbrotli-dev:amd64 1.0.9-2+b6
2023-11-01 02:33:38 remove libbrotli-dev:amd64 1.0.9-2+b6 <none>
2023-11-01 02:33:38 status half-configured libbrotli-dev:amd64 1.0.9-2+b6
2023-11-01 02:33:38 status half-installed libbrotli-dev:amd64 1.0.9-2+b6
2023-11-01 02:33:38 status config-files libbrotli-dev:amd64 1.0.9-2+b6
2023-11-01 02:33:38 status not-installed libbrotli-dev:amd64 <none>
2023-11-01 02:33:38 status installed libcc1-0:amd64 12.2.0-14
2023-11-01 02:33:38 remove libcc1-0:amd64 12.2.0-14 <none>
2023-11-01 02:33:38 status half-configured libcc1-0:amd64 12.2.0-14
2023-11-01 02:33:38 status half-installed libcc1-0:amd64 12.2.0-14
2023-11-01 02:33:38 status config-files libcc1-0:amd64 12.2.0-14
2023-11-01 02:33:38 status not-installed libcc1-0:amd64 <none>
2023-11-01 02:33:38 status installed libctf-nobfd0:amd64 2.40-2
2023-11-01 02:33:38 remove libctf-nobfd0:amd64 2.40-2 <none>
2023-11-01 02:33:38 status half-configured libctf-nobfd0:amd64 2.40-2
2023-11-01 02:33:38 status half-installed libctf-nobfd0:amd64 2.40-2
2023-11-01 02:33:38 status config-files libctf-nobfd0:amd64 2.40-2
2023-11-01 02:33:38 status not-installed libctf-nobfd0:amd64 <none>
2023-11-01 02:33:38 status installed libcurl4-openssl-dev:amd64 7.88.1-10+deb12u4
2023-11-01 02:33:38 remove libcurl4-openssl-dev:amd64 7.88.1-10+deb12u4 <none>
2023-11-01 02:33:38 status half-configured libcurl4-openssl-dev:amd64 7.88.1-10+deb12u4
2023-11-01 02:33:38 status half-installed libcurl4-openssl-dev:amd64 7.88.1-10+deb12u4
2023-11-01 02:33:38 status config-files libcurl4-openssl-dev:amd64 7.88.1-10+deb12u4
2023-11-01 02:33:38 status not-installed libcurl4-openssl-dev:amd64 <none>
2023-11-01 02:33:38 status installed libdpkg-perl:all 1.21.22
2023-11-01 02:33:38 remove libdpkg-perl:all 1.21.22 <none>
2023-11-01 02:33:38 status half-configured libdpkg-perl:all 1.21.22
2023-11-01 02:33:38 status half-installed libdpkg-perl:all 1.21.22
2023-11-01 02:33:38 status config-files libdpkg-perl:all 1.21.22
2023-11-01 02:33:38 status not-installed libdpkg-perl:all <none>
2023-11-01 02:33:38 status installed libexpat1-dev:amd64 2.5.0-1
2023-11-01 02:33:38 remove libexpat1-dev:amd64 2.5.0-1 <none>
2023-11-01 02:33:38 status half-configured libexpat1-dev:amd64 2.5.0-1
2023-11-01 02:33:38 status half-installed libexpat1-dev:amd64 2.5.0-1
2023-11-01 02:33:38 status config-files libexpat1-dev:amd64 2.5.0-1
2023-11-01 02:33:38 status not-installed libexpat1-dev:amd64 <none>
2023-11-01 02:33:38 status installed perl:amd64 5.36.0-7
2023-11-01 02:33:38 remove perl:amd64 5.36.0-7 <none>
2023-11-01 02:33:38 status half-configured perl:amd64 5.36.0-7
2023-11-01 02:33:38 status half-installed perl:amd64 5.36.0-7
2023-11-01 02:33:38 status config-files perl:amd64 5.36.0-7
2023-11-01 02:33:38 status installed libperl5.36:amd64 5.36.0-7
2023-11-01 02:33:38 remove libperl5.36:amd64 5.36.0-7 <none>
2023-11-01 02:33:38 status half-configured libperl5.36:amd64 5.36.0-7
2023-11-01 02:33:38 status half-installed libperl5.36:amd64 5.36.0-7
2023-11-01 02:33:38 status config-files libperl5.36:amd64 5.36.0-7
2023-11-01 02:33:38 status not-installed libperl5.36:amd64 <none>
2023-11-01 02:33:38 status installed libgdbm-compat4:amd64 1.23-3
2023-11-01 02:33:38 remove libgdbm-compat4:amd64 1.23-3 <none>
2023-11-01 02:33:38 status half-configured libgdbm-compat4:amd64 1.23-3
2023-11-01 02:33:38 status half-installed libgdbm-compat4:amd64 1.23-3
2023-11-01 02:33:38 status config-files libgdbm-compat4:amd64 1.23-3
2023-11-01 02:33:38 status not-installed libgdbm-compat4:amd64 <none>
2023-11-01 02:33:38 status installed libgomp1:amd64 12.2.0-14
2023-11-01 02:33:38 remove libgomp1:amd64 12.2.0-14 <none>
2023-11-01 02:33:38 status half-configured libgomp1:amd64 12.2.0-14
2023-11-01 02:33:38 status half-installed libgomp1:amd64 12.2.0-14
2023-11-01 02:33:38 status config-files libgomp1:amd64 12.2.0-14
2023-11-01 02:33:38 status not-installed libgomp1:amd64 <none>
2023-11-01 02:33:38 status installed libisl23:amd64 0.25-1
2023-11-01 02:33:38 remove libisl23:amd64 0.25-1 <none>
2023-11-01 02:33:38 status half-configured libisl23:amd64 0.25-1
2023-11-01 02:33:38 status half-installed libisl23:amd64 0.25-1
2023-11-01 02:33:38 status config-files libisl23:amd64 0.25-1
2023-11-01 02:33:38 status not-installed libisl23:amd64 <none>
2023-11-01 02:33:38 status installed libitm1:amd64 12.2.0-14
2023-11-01 02:33:38 remove libitm1:amd64 12.2.0-14 <none>
2023-11-01 02:33:38 status half-configured libitm1:amd64 12.2.0-14
2023-11-01 02:33:38 status half-installed libitm1:amd64 12.2.0-14
2023-11-01 02:33:38 status config-files libitm1:amd64 12.2.0-14
2023-11-01 02:33:38 status not-installed libitm1:amd64 <none>
2023-11-01 02:33:38 status installed libjansson-dev:amd64 2.14-2
2023-11-01 02:33:38 remove libjansson-dev:amd64 2.14-2 <none>
2023-11-01 02:33:38 status half-configured libjansson-dev:amd64 2.14-2
2023-11-01 02:33:38 status half-installed libjansson-dev:amd64 2.14-2
2023-11-01 02:33:38 status config-files libjansson-dev:amd64 2.14-2
2023-11-01 02:33:38 status not-installed libjansson-dev:amd64 <none>
2023-11-01 02:33:38 status installed libksba8:amd64 1.6.3-2
2023-11-01 02:33:38 remove libksba8:amd64 1.6.3-2 <none>
2023-11-01 02:33:38 status half-configured libksba8:amd64 1.6.3-2
2023-11-01 02:33:38 status half-installed libksba8:amd64 1.6.3-2
2023-11-01 02:33:38 status config-files libksba8:amd64 1.6.3-2
2023-11-01 02:33:38 status not-installed libksba8:amd64 <none>
2023-11-01 02:33:38 status installed libldap2-dev:all 2.5.13+dfsg-5
2023-11-01 02:33:38 remove libldap2-dev:all 2.5.13+dfsg-5 <none>
2023-11-01 02:33:38 status half-configured libldap2-dev:all 2.5.13+dfsg-5
2023-11-01 02:33:38 status half-installed libldap2-dev:all 2.5.13+dfsg-5
2023-11-01 02:33:38 status config-files libldap2-dev:all 2.5.13+dfsg-5
2023-11-01 02:33:38 status not-installed libldap2-dev:all <none>
2023-11-01 02:33:38 status installed libldap-dev:amd64 2.5.13+dfsg-5
2023-11-01 02:33:38 remove libldap-dev:amd64 2.5.13+dfsg-5 <none>
2023-11-01 02:33:38 status half-configured libldap-dev:amd64 2.5.13+dfsg-5
2023-11-01 02:33:38 status half-installed libldap-dev:amd64 2.5.13+dfsg-5
2023-11-01 02:33:39 status config-files libldap-dev:amd64 2.5.13+dfsg-5
2023-11-01 02:33:39 status not-installed libldap-dev:amd64 <none>
2023-11-01 02:33:39 status installed liblsan0:amd64 12.2.0-14
2023-11-01 02:33:39 remove liblsan0:amd64 12.2.0-14 <none>
2023-11-01 02:33:39 status half-configured liblsan0:amd64 12.2.0-14
2023-11-01 02:33:39 status half-installed liblsan0:amd64 12.2.0-14
2023-11-01 02:33:39 status config-files liblsan0:amd64 12.2.0-14
2023-11-01 02:33:39 status not-installed liblsan0:amd64 <none>
2023-11-01 02:33:39 status installed liblua5.2-dev:amd64 5.2.4-3
2023-11-01 02:33:39 remove liblua5.2-dev:amd64 5.2.4-3 <none>
2023-11-01 02:33:39 status half-configured liblua5.2-dev:amd64 5.2.4-3
2023-11-01 02:33:39 status half-installed liblua5.2-dev:amd64 5.2.4-3
2023-11-01 02:33:39 status config-files liblua5.2-dev:amd64 5.2.4-3
2023-11-01 02:33:39 status not-installed liblua5.2-dev:amd64 <none>
2023-11-01 02:33:39 status installed libmpc3:amd64 1.3.1-1
2023-11-01 02:33:39 remove libmpc3:amd64 1.3.1-1 <none>
2023-11-01 02:33:39 status half-configured libmpc3:amd64 1.3.1-1
2023-11-01 02:33:39 status half-installed libmpc3:amd64 1.3.1-1
2023-11-01 02:33:39 status config-files libmpc3:amd64 1.3.1-1
2023-11-01 02:33:39 status not-installed libmpc3:amd64 <none>
2023-11-01 02:33:39 status installed libmpfr6:amd64 4.2.0-1
2023-11-01 02:33:39 remove libmpfr6:amd64 4.2.0-1 <none>
2023-11-01 02:33:39 status half-configured libmpfr6:amd64 4.2.0-1
2023-11-01 02:33:39 status half-installed libmpfr6:amd64 4.2.0-1
2023-11-01 02:33:39 status config-files libmpfr6:amd64 4.2.0-1
2023-11-01 02:33:39 status not-installed libmpfr6:amd64 <none>
2023-11-01 02:33:39 status installed libreadline-dev:amd64 8.2-1.3
2023-11-01 02:33:39 remove libreadline-dev:amd64 8.2-1.3 <none>
2023-11-01 02:33:39 status half-configured libreadline-dev:amd64 8.2-1.3
2023-11-01 02:33:39 status half-installed libreadline-dev:amd64 8.2-1.3
2023-11-01 02:33:39 status config-files libreadline-dev:amd64 8.2-1.3
2023-11-01 02:33:39 status not-installed libreadline-dev:amd64 <none>
2023-11-01 02:33:39 status installed libncurses-dev:amd64 6.4-4
2023-11-01 02:33:39 remove libncurses-dev:amd64 6.4-4 <none>
2023-11-01 02:33:39 status half-configured libncurses-dev:amd64 6.4-4
2023-11-01 02:33:39 status half-installed libncurses-dev:amd64 6.4-4
2023-11-01 02:33:39 status config-files libncurses-dev:amd64 6.4-4
2023-11-01 02:33:39 status not-installed libncurses-dev:amd64 <none>
2023-11-01 02:33:39 status installed libncurses6:amd64 6.4-4
2023-11-01 02:33:39 remove libncurses6:amd64 6.4-4 <none>
2023-11-01 02:33:39 status half-configured libncurses6:amd64 6.4-4
2023-11-01 02:33:39 status half-installed libncurses6:amd64 6.4-4
2023-11-01 02:33:39 status config-files libncurses6:amd64 6.4-4
2023-11-01 02:33:39 status not-installed libncurses6:amd64 <none>
2023-11-01 02:33:39 status installed python3:amd64 3.11.2-1+b1
2023-11-01 02:33:39 remove python3:amd64 3.11.2-1+b1 <none>
2023-11-01 02:33:39 status half-configured python3:amd64 3.11.2-1+b1
2023-11-01 02:33:39 status half-installed python3:amd64 3.11.2-1+b1
2023-11-01 02:33:39 status config-files python3:amd64 3.11.2-1+b1
2023-11-01 02:33:39 status installed python3.11:amd64 3.11.2-6
2023-11-01 02:33:39 remove python3.11:amd64 3.11.2-6 <none>
2023-11-01 02:33:39 status half-configured python3.11:amd64 3.11.2-6
2023-11-01 02:33:39 status half-installed python3.11:amd64 3.11.2-6
2023-11-01 02:33:39 status config-files python3.11:amd64 3.11.2-6
2023-11-01 02:33:39 status not-installed python3.11:amd64 <none>
2023-11-01 02:33:39 status installed libpython3-stdlib:amd64 3.11.2-1+b1
2023-11-01 02:33:39 remove libpython3-stdlib:amd64 3.11.2-1+b1 <none>
2023-11-01 02:33:39 status half-configured libpython3-stdlib:amd64 3.11.2-1+b1
2023-11-01 02:33:39 status half-installed libpython3-stdlib:amd64 3.11.2-1+b1
2023-11-01 02:33:39 status config-files libpython3-stdlib:amd64 3.11.2-1+b1
2023-11-01 02:33:39 status not-installed libpython3-stdlib:amd64 <none>
2023-11-01 02:33:39 status installed libpython3.11-stdlib:amd64 3.11.2-6
2023-11-01 02:33:39 remove libpython3.11-stdlib:amd64 3.11.2-6 <none>
2023-11-01 02:33:39 status half-configured libpython3.11-stdlib:amd64 3.11.2-6
2023-11-01 02:33:39 status half-installed libpython3.11-stdlib:amd64 3.11.2-6
2023-11-01 02:33:39 status config-files libpython3.11-stdlib:amd64 3.11.2-6
2023-11-01 02:33:39 status not-installed libpython3.11-stdlib:amd64 <none>
2023-11-01 02:33:39 status installed libncursesw6:amd64 6.4-4
2023-11-01 02:33:39 remove libncursesw6:amd64 6.4-4 <none>
2023-11-01 02:33:39 status half-configured libncursesw6:amd64 6.4-4
2023-11-01 02:33:39 status half-installed libncursesw6:amd64 6.4-4
2023-11-01 02:33:39 status config-files libncursesw6:amd64 6.4-4
2023-11-01 02:33:39 status not-installed libncursesw6:amd64 <none>
2023-11-01 02:33:39 status installed libnghttp2-dev:amd64 1.52.0-1
2023-11-01 02:33:39 remove libnghttp2-dev:amd64 1.52.0-1 <none>
2023-11-01 02:33:39 status half-configured libnghttp2-dev:amd64 1.52.0-1
2023-11-01 02:33:39 status half-installed libnghttp2-dev:amd64 1.52.0-1
2023-11-01 02:33:39 status config-files libnghttp2-dev:amd64 1.52.0-1
2023-11-01 02:33:39 status not-installed libnghttp2-dev:amd64 <none>
2023-11-01 02:33:39 status installed libnpth0:amd64 1.6-3
2023-11-01 02:33:39 remove libnpth0:amd64 1.6-3 <none>
2023-11-01 02:33:39 status half-configured libnpth0:amd64 1.6-3
2023-11-01 02:33:39 status half-installed libnpth0:amd64 1.6-3
2023-11-01 02:33:39 status config-files libnpth0:amd64 1.6-3
2023-11-01 02:33:39 status not-installed libnpth0:amd64 <none>
2023-11-01 02:33:39 status installed libpcre3-dev:amd64 2:8.39-15
2023-11-01 02:33:39 remove libpcre3-dev:amd64 2:8.39-15 <none>
2023-11-01 02:33:39 status half-configured libpcre3-dev:amd64 2:8.39-15
2023-11-01 02:33:39 status half-installed libpcre3-dev:amd64 2:8.39-15
2023-11-01 02:33:39 status config-files libpcre3-dev:amd64 2:8.39-15
2023-11-01 02:33:39 status not-installed libpcre3-dev:amd64 <none>
2023-11-01 02:33:39 status installed libpcre16-3:amd64 2:8.39-15
2023-11-01 02:33:39 remove libpcre16-3:amd64 2:8.39-15 <none>
2023-11-01 02:33:39 status half-configured libpcre16-3:amd64 2:8.39-15
2023-11-01 02:33:39 status half-installed libpcre16-3:amd64 2:8.39-15
2023-11-01 02:33:39 status config-files libpcre16-3:amd64 2:8.39-15
2023-11-01 02:33:39 status not-installed libpcre16-3:amd64 <none>
2023-11-01 02:33:39 status installed libpcre32-3:amd64 2:8.39-15
2023-11-01 02:33:39 remove libpcre32-3:amd64 2:8.39-15 <none>
2023-11-01 02:33:39 status half-configured libpcre32-3:amd64 2:8.39-15
2023-11-01 02:33:39 status half-installed libpcre32-3:amd64 2:8.39-15
2023-11-01 02:33:39 status config-files libpcre32-3:amd64 2:8.39-15
2023-11-01 02:33:39 status not-installed libpcre32-3:amd64 <none>
2023-11-01 02:33:39 status installed libpcrecpp0v5:amd64 2:8.39-15
2023-11-01 02:33:39 remove libpcrecpp0v5:amd64 2:8.39-15 <none>
2023-11-01 02:33:39 status half-configured libpcrecpp0v5:amd64 2:8.39-15
2023-11-01 02:33:39 status half-installed libpcrecpp0v5:amd64 2:8.39-15
2023-11-01 02:33:39 status config-files libpcrecpp0v5:amd64 2:8.39-15
2023-11-01 02:33:39 status not-installed libpcrecpp0v5:amd64 <none>
2023-11-01 02:33:39 status installed pkg-config:amd64 1.8.1-1
2023-11-01 02:33:39 remove pkg-config:amd64 1.8.1-1 <none>
2023-11-01 02:33:39 status half-configured pkg-config:amd64 1.8.1-1
2023-11-01 02:33:39 status half-installed pkg-config:amd64 1.8.1-1
2023-11-01 02:33:39 status config-files pkg-config:amd64 1.8.1-1
2023-11-01 02:33:39 status installed pkgconf:amd64 1.8.1-1
2023-11-01 02:33:39 remove pkgconf:amd64 1.8.1-1 <none>
2023-11-01 02:33:39 status half-configured pkgconf:amd64 1.8.1-1
2023-11-01 02:33:39 status half-installed pkgconf:amd64 1.8.1-1
2023-11-01 02:33:39 status config-files pkgconf:amd64 1.8.1-1
2023-11-01 02:33:39 status installed pkgconf-bin:amd64 1.8.1-1
2023-11-01 02:33:39 remove pkgconf-bin:amd64 1.8.1-1 <none>
2023-11-01 02:33:39 status half-configured pkgconf-bin:amd64 1.8.1-1
2023-11-01 02:33:39 status half-installed pkgconf-bin:amd64 1.8.1-1
2023-11-01 02:33:39 status config-files pkgconf-bin:amd64 1.8.1-1
2023-11-01 02:33:39 status not-installed pkgconf-bin:amd64 <none>
2023-11-01 02:33:39 status installed libpkgconf3:amd64 1.8.1-1
2023-11-01 02:33:39 remove libpkgconf3:amd64 1.8.1-1 <none>
2023-11-01 02:33:39 status half-configured libpkgconf3:amd64 1.8.1-1
2023-11-01 02:33:39 status half-installed libpkgconf3:amd64 1.8.1-1
2023-11-01 02:33:39 status config-files libpkgconf3:amd64 1.8.1-1
2023-11-01 02:33:39 status not-installed libpkgconf3:amd64 <none>
2023-11-01 02:33:39 status installed python3-minimal:amd64 3.11.2-1+b1
2023-11-01 02:33:39 remove python3-minimal:amd64 3.11.2-1+b1 <none>
2023-11-01 02:33:39 status half-configured python3-minimal:amd64 3.11.2-1+b1
2023-11-01 02:33:39 status half-installed python3-minimal:amd64 3.11.2-1+b1
2023-11-01 02:33:39 status config-files python3-minimal:amd64 3.11.2-1+b1
2023-11-01 02:33:39 status not-installed python3-minimal:amd64 <none>
2023-11-01 02:33:39 status installed python3.11-minimal:amd64 3.11.2-6
2023-11-01 02:33:39 remove python3.11-minimal:amd64 3.11.2-6 <none>
2023-11-01 02:33:39 status half-configured python3.11-minimal:amd64 3.11.2-6
2023-11-01 02:33:39 status half-installed python3.11-minimal:amd64 3.11.2-6
2023-11-01 02:33:39 status config-files python3.11-minimal:amd64 3.11.2-6
2023-11-01 02:33:39 status installed libpython3.11-minimal:amd64 3.11.2-6
2023-11-01 02:33:39 remove libpython3.11-minimal:amd64 3.11.2-6 <none>
2023-11-01 02:33:39 status half-configured libpython3.11-minimal:amd64 3.11.2-6
2023-11-01 02:33:39 status half-installed libpython3.11-minimal:amd64 3.11.2-6
2023-11-01 02:33:39 status config-files libpython3.11-minimal:amd64 3.11.2-6
2023-11-01 02:33:39 status installed libquadmath0:amd64 12.2.0-14
2023-11-01 02:33:39 remove libquadmath0:amd64 12.2.0-14 <none>
2023-11-01 02:33:39 status half-configured libquadmath0:amd64 12.2.0-14
2023-11-01 02:33:39 status half-installed libquadmath0:amd64 12.2.0-14
2023-11-01 02:33:39 status config-files libquadmath0:amd64 12.2.0-14
2023-11-01 02:33:40 status not-installed libquadmath0:amd64 <none>
2023-11-01 02:33:40 status installed libreadline8:amd64 8.2-1.3
2023-11-01 02:33:40 remove libreadline8:amd64 8.2-1.3 <none>
2023-11-01 02:33:40 status half-configured libreadline8:amd64 8.2-1.3
2023-11-01 02:33:40 status half-installed libreadline8:amd64 8.2-1.3
2023-11-01 02:33:40 status config-files libreadline8:amd64 8.2-1.3
2023-11-01 02:33:40 status not-installed libreadline8:amd64 <none>
2023-11-01 02:33:40 status installed libsctp-dev:amd64 1.0.19+dfsg-2
2023-11-01 02:33:40 remove libsctp-dev:amd64 1.0.19+dfsg-2 <none>
2023-11-01 02:33:40 status half-configured libsctp-dev:amd64 1.0.19+dfsg-2
2023-11-01 02:33:40 status half-installed libsctp-dev:amd64 1.0.19+dfsg-2
2023-11-01 02:33:40 status config-files libsctp-dev:amd64 1.0.19+dfsg-2
2023-11-01 02:33:40 status not-installed libsctp-dev:amd64 <none>
2023-11-01 02:33:40 status installed libsctp1:amd64 1.0.19+dfsg-2
2023-11-01 02:33:40 remove libsctp1:amd64 1.0.19+dfsg-2 <none>
2023-11-01 02:33:40 status half-configured libsctp1:amd64 1.0.19+dfsg-2
2023-11-01 02:33:40 status half-installed libsctp1:amd64 1.0.19+dfsg-2
2023-11-01 02:33:40 status config-files libsctp1:amd64 1.0.19+dfsg-2
2023-11-01 02:33:40 status not-installed libsctp1:amd64 <none>
2023-11-01 02:33:40 status installed libsqlite3-0:amd64 3.40.1-2
2023-11-01 02:33:40 remove libsqlite3-0:amd64 3.40.1-2 <none>
2023-11-01 02:33:40 status half-configured libsqlite3-0:amd64 3.40.1-2
2023-11-01 02:33:40 status half-installed libsqlite3-0:amd64 3.40.1-2
2023-11-01 02:33:40 status config-files libsqlite3-0:amd64 3.40.1-2
2023-11-01 02:33:40 status not-installed libsqlite3-0:amd64 <none>
2023-11-01 02:33:40 status installed libssl-dev:amd64 3.0.11-1~deb12u2
2023-11-01 02:33:40 remove libssl-dev:amd64 3.0.11-1~deb12u2 <none>
2023-11-01 02:33:40 status half-configured libssl-dev:amd64 3.0.11-1~deb12u2
2023-11-01 02:33:40 status half-installed libssl-dev:amd64 3.0.11-1~deb12u2
2023-11-01 02:33:40 status config-files libssl-dev:amd64 3.0.11-1~deb12u2
2023-11-01 02:33:40 status not-installed libssl-dev:amd64 <none>
2023-11-01 02:33:40 status installed libtsan2:amd64 12.2.0-14
2023-11-01 02:33:40 remove libtsan2:amd64 12.2.0-14 <none>
2023-11-01 02:33:40 status half-configured libtsan2:amd64 12.2.0-14
2023-11-01 02:33:40 status half-installed libtsan2:amd64 12.2.0-14
2023-11-01 02:33:40 status config-files libtsan2:amd64 12.2.0-14
2023-11-01 02:33:40 status not-installed libtsan2:amd64 <none>
2023-11-01 02:33:40 status installed libubsan1:amd64 12.2.0-14
2023-11-01 02:33:40 remove libubsan1:amd64 12.2.0-14 <none>
2023-11-01 02:33:40 status half-configured libubsan1:amd64 12.2.0-14
2023-11-01 02:33:40 status half-installed libubsan1:amd64 12.2.0-14
2023-11-01 02:33:40 status config-files libubsan1:amd64 12.2.0-14
2023-11-01 02:33:40 status not-installed libubsan1:amd64 <none>
2023-11-01 02:33:40 status installed make:amd64 4.3-4.1
2023-11-01 02:33:40 remove make:amd64 4.3-4.1 <none>
2023-11-01 02:33:40 status half-configured make:amd64 4.3-4.1
2023-11-01 02:33:40 status half-installed make:amd64 4.3-4.1
2023-11-01 02:33:40 status config-files make:amd64 4.3-4.1
2023-11-01 02:33:40 status not-installed make:amd64 <none>
2023-11-01 02:33:40 status installed media-types:all 10.0.0
2023-11-01 02:33:40 remove media-types:all 10.0.0 <none>
2023-11-01 02:33:40 status half-configured media-types:all 10.0.0
2023-11-01 02:33:40 status half-installed media-types:all 10.0.0
2023-11-01 02:33:40 status config-files media-types:all 10.0.0
2023-11-01 02:33:40 status installed patch:amd64 2.7.6-7
2023-11-01 02:33:40 remove patch:amd64 2.7.6-7 <none>
2023-11-01 02:33:40 status half-configured patch:amd64 2.7.6-7
2023-11-01 02:33:40 status half-installed patch:amd64 2.7.6-7
2023-11-01 02:33:40 status config-files patch:amd64 2.7.6-7
2023-11-01 02:33:40 status not-installed patch:amd64 <none>
2023-11-01 02:33:40 status installed perl-modules-5.36:all 5.36.0-7
2023-11-01 02:33:40 remove perl-modules-5.36:all 5.36.0-7 <none>
2023-11-01 02:33:40 status half-configured perl-modules-5.36:all 5.36.0-7
2023-11-01 02:33:40 status half-installed perl-modules-5.36:all 5.36.0-7
2023-11-01 02:33:40 status config-files perl-modules-5.36:all 5.36.0-7
2023-11-01 02:33:40 status not-installed perl-modules-5.36:all <none>
2023-11-01 02:33:40 status installed readline-common:all 8.2-1.3
2023-11-01 02:33:40 remove readline-common:all 8.2-1.3 <none>
2023-11-01 02:33:40 status half-configured readline-common:all 8.2-1.3
2023-11-01 02:33:40 status half-installed readline-common:all 8.2-1.3
2023-11-01 02:33:40 status config-files readline-common:all 8.2-1.3
2023-11-01 02:33:40 status installed uuid-dev:amd64 2.38.1-5+b1
2023-11-01 02:33:40 remove uuid-dev:amd64 2.38.1-5+b1 <none>
2023-11-01 02:33:40 status half-configured uuid-dev:amd64 2.38.1-5+b1
2023-11-01 02:33:40 status half-installed uuid-dev:amd64 2.38.1-5+b1
2023-11-01 02:33:40 status config-files uuid-dev:amd64 2.38.1-5+b1
2023-11-01 02:33:40 status not-installed uuid-dev:amd64 <none>
2023-11-01 02:33:40 status installed wget:amd64 1.21.3-1+b2
2023-11-01 02:33:40 remove wget:amd64 1.21.3-1+b2 <none>
2023-11-01 02:33:40 status half-configured wget:amd64 1.21.3-1+b2
2023-11-01 02:33:40 status half-installed wget:amd64 1.21.3-1+b2
2023-11-01 02:33:40 status config-files wget:amd64 1.21.3-1+b2
2023-11-01 02:33:40 status installed xz-utils:amd64 5.4.1-0.2
2023-11-01 02:33:40 remove xz-utils:amd64 5.4.1-0.2 <none>
2023-11-01 02:33:40 status half-configured xz-utils:amd64 5.4.1-0.2
2023-11-01 02:33:40 status half-installed xz-utils:amd64 5.4.1-0.2
2023-11-01 02:33:40 status config-files xz-utils:amd64 5.4.1-0.2
2023-11-01 02:33:40 status not-installed xz-utils:amd64 <none>
2023-11-01 02:33:40 status installed zlib1g-dev:amd64 1:1.2.13.dfsg-1
2023-11-01 02:33:40 remove zlib1g-dev:amd64 1:1.2.13.dfsg-1 <none>
2023-11-01 02:33:40 status half-configured zlib1g-dev:amd64 1:1.2.13.dfsg-1
2023-11-01 02:33:40 status half-installed zlib1g-dev:amd64 1:1.2.13.dfsg-1
2023-11-01 02:33:40 status config-files zlib1g-dev:amd64 1:1.2.13.dfsg-1
2023-11-01 02:33:40 status not-installed zlib1g-dev:amd64 <none>
2023-11-01 02:33:40 startup packages configure
2023-11-01 02:33:40 trigproc libc-bin:amd64 2.36-9+deb12u3 <none>
2023-11-01 02:33:40 status half-configured libc-bin:amd64 2.36-9+deb12u3
2023-11-01 02:33:40 status installed libc-bin:amd64 2.36-9+deb12u3
2023-11-01 02:33:40 startup packages purge
2023-11-01 02:33:40 purge media-types:all 10.0.0 <none>
2023-11-01 02:33:40 status config-files media-types:all 10.0.0
2023-11-01 02:33:40 status not-installed media-types:all <none>
2023-11-01 02:33:40 purge python3.11-minimal:amd64 3.11.2-6 <none>
2023-11-01 02:33:40 status config-files python3.11-minimal:amd64 3.11.2-6
2023-11-01 02:33:40 status not-installed python3.11-minimal:amd64 <none>
2023-11-01 02:33:40 purge gpg-agent:amd64 2.2.40-1.1 <none>
2023-11-01 02:33:40 status config-files gpg-agent:amd64 2.2.40-1.1
2023-11-01 02:33:40 status not-installed gpg-agent:amd64 <none>
2023-11-01 02:33:40 purge wget:amd64 1.21.3-1+b2 <none>
2023-11-01 02:33:40 status config-files wget:amd64 1.21.3-1+b2
2023-11-01 02:33:40 status not-installed wget:amd64 <none>
2023-11-01 02:33:40 purge binutils-common:amd64 2.40-2 <none>
2023-11-01 02:33:40 status config-files binutils-common:amd64 2.40-2
2023-11-01 02:33:40 status not-installed binutils-common:amd64 <none>
2023-11-01 02:33:40 purge python3:amd64 3.11.2-1+b1 <none>
2023-11-01 02:33:40 status config-files python3:amd64 3.11.2-1+b1
2023-11-01 02:33:40 status not-installed python3:amd64 <none>
2023-11-01 02:33:40 purge dpkg-dev:all 1.21.22 <none>
2023-11-01 02:33:40 status config-files dpkg-dev:all 1.21.22
2023-11-01 02:33:40 status not-installed dpkg-dev:all <none>
2023-11-01 02:33:40 purge pkgconf:amd64 1.8.1-1 <none>
2023-11-01 02:33:40 status config-files pkgconf:amd64 1.8.1-1
2023-11-01 02:33:40 status not-installed pkgconf:amd64 <none>
2023-11-01 02:33:40 purge dirmngr:amd64 2.2.40-1.1 <none>
2023-11-01 02:33:40 status config-files dirmngr:amd64 2.2.40-1.1
2023-11-01 02:33:40 status not-installed dirmngr:amd64 <none>
2023-11-01 02:33:40 purge perl:amd64 5.36.0-7 <none>
2023-11-01 02:33:40 status config-files perl:amd64 5.36.0-7
2023-11-01 02:33:40 status not-installed perl:amd64 <none>
2023-11-01 02:33:40 purge pkg-config:amd64 1.8.1-1 <none>
2023-11-01 02:33:40 status config-files pkg-config:amd64 1.8.1-1
2023-11-01 02:33:41 status not-installed pkg-config:amd64 <none>
2023-11-01 02:33:41 purge libpython3.11-minimal:amd64 3.11.2-6 <none>
2023-11-01 02:33:41 status config-files libpython3.11-minimal:amd64 3.11.2-6
2023-11-01 02:33:41 status not-installed libpython3.11-minimal:amd64 <none>
2023-11-01 02:33:41 purge readline-common:all 8.2-1.3 <none>
2023-11-01 02:33:41 status config-files readline-common:all 8.2-1.3
2023-11-01 02:33:41 status not-installed readline-common:all <none>
2023-11-01 02:33:41 startup packages configure
